Using pre-set license
Built from '2022.3/staging' branch; Version is '2022.3.9f1 (ea401c316338) revision 15351836'; Using compiler version '192829333'; Build Type 'Release'
OS: 'Windows 11  (10.0.22000) 64bit CoreCountrySpecific' Language: 'zh' Physical Memory: 16252 MB
BatchMode: 1, IsHumanControllingUs: 0, StartBugReporterOnCrash: 0, Is64bit: 1, IsPro: 1

COMMAND LINE ARGUMENTS:
C:\GameMaker\Unity\Unity2022\Unity 2022.3.9f1\Editor\Unity.exe
-adb2
-batchMode
-noUpm
-name
AssetImportWorker5
-projectPath
C:/GameMaker/ExtremeWorld/mmowork/Src/Client
-logFile
Logs/AssetImportWorker5.log
-srvPort
50236
Successfully changed project path to: C:/GameMaker/ExtremeWorld/mmowork/Src/Client
C:/GameMaker/ExtremeWorld/mmowork/Src/Client
[UnityMemory] Configuration Parameters - Can be set up in boot.config
    "memorysetup-bucket-allocator-granularity=16"
    "memorysetup-bucket-allocator-bucket-count=8"
    "memorysetup-bucket-allocator-block-size=33554432"
    "memorysetup-bucket-allocator-block-count=8"
    "memorysetup-main-allocator-block-size=16777216"
    "memorysetup-thread-allocator-block-size=16777216"
    "memorysetup-gfx-main-allocator-block-size=16777216"
    "memorysetup-gfx-thread-allocator-block-size=16777216"
    "memorysetup-cache-allocator-block-size=4194304"
    "memorysetup-typetree-allocator-block-size=2097152"
    "memorysetup-profiler-bucket-allocator-granularity=16"
    "memorysetup-profiler-bucket-allocator-bucket-count=8"
    "memorysetup-profiler-bucket-allocator-block-size=33554432"
    "memorysetup-profiler-bucket-allocator-block-count=8"
    "memorysetup-profiler-allocator-block-size=16777216"
    "memorysetup-profiler-editor-allocator-block-size=1048576"
    "memorysetup-temp-allocator-size-main=16777216"
    "memorysetup-job-temp-allocator-block-size=2097152"
    "memorysetup-job-temp-allocator-block-size-background=1048576"
    "memorysetup-job-temp-allocator-reduction-small-platforms=262144"
    "memorysetup-allocator-temp-initial-block-size-main=262144"
    "memorysetup-allocator-temp-initial-block-size-worker=262144"
    "memorysetup-temp-allocator-size-background-worker=32768"
    "memorysetup-temp-allocator-size-job-worker=262144"
    "memorysetup-temp-allocator-size-preload-manager=33554432"
    "memorysetup-temp-allocator-size-nav-mesh-worker=65536"
    "memorysetup-temp-allocator-size-audio-worker=65536"
    "memorysetup-temp-allocator-size-cloud-worker=32768"
    "memorysetup-temp-allocator-size-gi-baking-worker=262144"
    "memorysetup-temp-allocator-size-gfx=262144"
Player connection [70972] Host "[IP] 192.168.5.17 [Port] 0 [Flags] 2 [Guid] 2263578845 [EditorId] 2263578845 [Version] 1048832 [Id] WindowsEditor(7,Arendelle) [Debug] 1 [PackageName] WindowsEditor [ProjectName] Editor" joined multi-casting on [225.0.0.222:54997]...

Player connection [70972] Host "[IP] 192.168.5.17 [Port] 0 [Flags] 2 [Guid] 2263578845 [EditorId] 2263578845 [Version] 1048832 [Id] WindowsEditor(7,Arendelle) [Debug] 1 [PackageName] WindowsEditor [ProjectName] Editor" joined alternative multi-casting on [225.0.0.222:34997]...

[Physics::Module] Initialized MultithreadedJobDispatcher with 15 workers.
Refreshing native plugins compatible for Editor in 23.11 ms, found 2 plugins.
Preloading 0 native plugins for Editor in 0.00 ms.
Initialize engine version: 2022.3.9f1 (ea401c316338)
[Subsystems] Discovering subsystems at path C:/GameMaker/Unity/Unity2022/Unity 2022.3.9f1/Editor/Data/Resources/UnitySubsystems
[Subsystems] Discovering subsystems at path C:/GameMaker/ExtremeWorld/mmowork/Src/Client/Assets
GfxDevice: creating device client; threaded=0; jobified=0
Direct3D:
    Version:  Direct3D 11.0 [level 11.1]
    Renderer: NVIDIA GeForce RTX 3060 Laptop GPU (ID=0x2560)
    Vendor:   NVIDIA
    VRAM:     6009 MB
    Driver:   31.0.15.2799
Initialize mono
Mono path[0] = 'C:/GameMaker/Unity/Unity2022/Unity 2022.3.9f1/Editor/Data/Managed'
Mono path[1] = 'C:/GameMaker/Unity/Unity2022/Unity 2022.3.9f1/Editor/Data/MonoBleedingEdge/lib/mono/unityjit-win32'
Mono config path = 'C:/GameMaker/Unity/Unity2022/Unity 2022.3.9f1/Editor/Data/MonoBleedingEdge/etc'
Using monoOptions --debugger-agent=transport=dt_socket,embedding=1,server=y,suspend=n,address=127.0.0.1:56412
Begin MonoManager ReloadAssembly
Registering precompiled unity dll's ...
Register platform support module: C:/GameMaker/Unity/Unity2022/Unity 2022.3.9f1/Editor/Data/PlaybackEngines/WebGLSupport/UnityEditor.WebGL.Extensions.dll
Register platform support module: C:/GameMaker/Unity/Unity2022/Unity 2022.3.9f1/Editor/Data/PlaybackEngines/WindowsStandaloneSupport/UnityEditor.WindowsStandalone.Extensions.dll
Registered in 0.013868 seconds.
- Loaded All Assemblies, in  0.337 seconds
Native extension for WindowsStandalone target not found
Native extension for WebGL target not found
Mono: successfully reloaded assembly
- Finished resetting the current domain, in  0.255 seconds
Domain Reload Profiling: 588ms
	BeginReloadAssembly (106ms)
		ExecutionOrderSort (0ms)
		DisableScriptedObjects (0ms)
		BackupInstance (0ms)
		ReleaseScriptingObjects (0ms)
		CreateAndSetChildDomain (1ms)
	RebuildCommonClasses (35ms)
	RebuildNativeTypeToScriptingClass (8ms)
	initialDomainReloadingComplete (63ms)
	LoadAllAssembliesAndSetupDomain (122ms)
		LoadAssemblies (103ms)
		RebuildTransferFunctionScriptingTraits (0ms)
		AnalyzeDomain (120ms)
			TypeCache.Refresh (119ms)
				TypeCache.ScanAssembly (108ms)
			ScanForSourceGeneratedMonoScriptInfo (0ms)
			ResolveRequiredComponents (0ms)
	FinalizeReload (255ms)
		ReleaseScriptCaches (0ms)
		RebuildScriptCaches (0ms)
		SetupLoadedEditorAssemblies (199ms)
			LogAssemblyErrors (0ms)
			InitializePlatformSupportModulesInManaged (16ms)
			SetLoadedEditorAssemblies (7ms)
			RefreshPlugins (0ms)
			BeforeProcessingInitializeOnLoad (3ms)
			ProcessInitializeOnLoadAttributes (127ms)
			ProcessInitializeOnLoadMethodAttributes (46ms)
			AfterProcessingInitializeOnLoad (0ms)
			EditorAssembliesLoaded (0ms)
		ExecutionOrderSort2 (0ms)
		AwakeInstancesAfterBackupRestoration (0ms)
========================================================================
Worker process is ready to serve import requests
Begin MonoManager ReloadAssembly
Duplicate assembly 'log4net.dll' with different versions detected, using 'Assets/References/log4net.dll, AssemblyName=log4net, Version=2.0.8.0, Culture=neutral, PublicKeyToken=null' and ignoring 'Packages/com.unity.collab-proxy/Lib/Editor/PlasticSCM/log4netPlastic.dll, AssemblyName=log4net, Version=1.2.15.0, Culture=neutral, PublicKeyToken=669e0ddf0bb1aa2a'.Duplicate assembly 'Newtonsoft.Json.dll' with different versions detected, using 'Packages/com.unity.nuget.newtonsoft-json/Runtime/Newtonsoft.Json.dll, AssemblyName=Newtonsoft.Json, Version=13.0.0.0, Culture=neutral, PublicKeyToken=30ad4fe6b2a6aeed' and ignoring 'Assets/JsonDotNet/Assemblies/Standalone/Newtonsoft.Json.dll, AssemblyName=Newtonsoft.Json, Version=8.0.0.0, Culture=neutral, PublicKeyToken=null'.Symbol file LoadedFromMemory is not a mono symbol file
Symbol file LoadedFromMemory is not a mono symbol file
Symbol file LoadedFromMemory is not a mono symbol file
- Loaded All Assemblies, in  0.716 seconds
Refreshing native plugins compatible for Editor in 13.21 ms, found 2 plugins.
Native extension for WindowsStandalone target not found
Native extension for WebGL target not found
Launched and connected shader compiler UnityShaderCompiler.exe after 0.04 seconds
Package Manager log level set to [2]
[Package Manager] Server::EnsureServerProcessIsRunning -- launch failed, reason: Unity was launched with the -noUpm command-line argument
[Package Manager] UpmClient::Send -- Unable to send message (not connected to UPM process).
[Package Manager] Cannot connect to Unity Package Manager local server
Mono: successfully reloaded assembly
- Finished resetting the current domain, in  1.687 seconds
Domain Reload Profiling: 2396ms
	BeginReloadAssembly (153ms)
		ExecutionOrderSort (0ms)
		DisableScriptedObjects (5ms)
		BackupInstance (0ms)
		ReleaseScriptingObjects (0ms)
		CreateAndSetChildDomain (22ms)
	RebuildCommonClasses (27ms)
	RebuildNativeTypeToScriptingClass (9ms)
	initialDomainReloadingComplete (44ms)
	LoadAllAssembliesAndSetupDomain (476ms)
		LoadAssemblies (442ms)
		RebuildTransferFunctionScriptingTraits (0ms)
		AnalyzeDomain (128ms)
			TypeCache.Refresh (108ms)
				TypeCache.ScanAssembly (86ms)
			ScanForSourceGeneratedMonoScriptInfo (16ms)
			ResolveRequiredComponents (3ms)
	FinalizeReload (1688ms)
		ReleaseScriptCaches (0ms)
		RebuildScriptCaches (0ms)
		SetupLoadedEditorAssemblies (1552ms)
			LogAssemblyErrors (0ms)
			InitializePlatformSupportModulesInManaged (11ms)
			SetLoadedEditorAssemblies (6ms)
			RefreshPlugins (0ms)
			BeforeProcessingInitializeOnLoad (126ms)
			ProcessInitializeOnLoadAttributes (1299ms)
			ProcessInitializeOnLoadMethodAttributes (99ms)
			AfterProcessingInitializeOnLoad (11ms)
			EditorAssembliesLoaded (0ms)
		ExecutionOrderSort2 (0ms)
		AwakeInstancesAfterBackupRestoration (7ms)
Refreshing native plugins compatible for Editor in 13.73 ms, found 2 plugins.
Preloading 0 native plugins for Editor in 0.00 ms.
Unloading 2698 Unused Serialized files (Serialized files now loaded: 0)
Unloading 68 unused Assets / (73.1 KB). Loaded Objects now: 3159.
Memory consumption went from 122.3 MB to 122.2 MB.
Total: 11.642500 ms (FindLiveObjects: 0.198500 ms CreateObjectMapping: 0.144700 ms MarkObjects: 11.149100 ms  DeleteObjects: 0.148900 ms)

AssetImportParameters requested are different than current active one (requested -> active):
  custom:video-decoder-webm-vp8: 9c59270c3fd7afecdb556c50c9e8de78 -> 
  custom:SearchIndexIgnoredProperties: e643bd26f0fe6173181afceb89e7c659 -> 
  custom:container-demuxer-ogg: 62fdf1f143b41e24485cea50d1cbac27 -> 
  custom:AudioImporter_EditorPlatform: d09bf68614088b80899f8185d706f6e7 -> 
  custom:video-decoder-ogg-theora: a1e56fd34408186e4bbccfd4996cb3dc -> 
  custom:framework-win-MediaFoundation: 216162199b28c13a410421893ffa2e32 -> 
  custom:video-encoder-webm-vp8: eb34c28f22e8b96e1ab97ce403110664 -> 
  custom:audio-decoder-ogg-vorbis: bf7c407c2cedff20999df2af8eb42d56 -> 
  custom:CustomObjectIndexerAttribute: 756ad292c208cfabdd7b50bc23989ffe -> 
  custom:container-demuxer-webm: 4f35f7cbe854078d1ac9338744f61a02 -> 
  custom:audio-encoder-webm-vorbis: bf7c407c2cedff20999df2af8eb42d56 -> 
  custom:container-muxer-webm: aa71ff27fc2769a1b78a27578f13a17b -> 
========================================================================
Received Import Request.
  Time since last request: 1365754.627597 seconds.
  path: Assets/UI/Login/btn_register.png
  artifactKey: Guid(aca43ffbab7ad7c4881242f88226bbd8) Importer(815301076,1909f56bfc062723c751e8b465ee728b)
Start importing Assets/UI/Login/btn_register.png using Guid(aca43ffbab7ad7c4881242f88226bbd8) Importer(815301076,1909f56bfc062723c751e8b465ee728b)  -> (artifact id: '3d73c2791b7df4b6d6fab9bcd0f31fde') in 0.064276 seconds
Number of updated asset objects reloaded before import = 0
Number of asset objects unloaded after import = 3
========================================================================
Received Import Request.
  Time since last request: 75.025032 seconds.
  path: Assets/Resources/UI/Items/equip1003.png
  artifactKey: Guid(42dfa8236e48bf6449388154c38adf8c) Importer(815301076,1909f56bfc062723c751e8b465ee728b)
Start importing Assets/Resources/UI/Items/equip1003.png using Guid(42dfa8236e48bf6449388154c38adf8c) Importer(815301076,1909f56bfc062723c751e8b465ee728b)  -> (artifact id: '381eb59d5ef88f893efaac22c36f0ca2') in 0.021208 seconds
Number of updated asset objects reloaded before import = 0
Number of asset objects unloaded after import = 3
========================================================================
Received Import Request.
  Time since last request: 0.065528 seconds.
  path: Assets/Resources/UI/Items/equip1006.png
  artifactKey: Guid(95c4d08e94af17c4f9e564f71082cd7d) Importer(815301076,1909f56bfc062723c751e8b465ee728b)
Start importing Assets/Resources/UI/Items/equip1006.png using Guid(95c4d08e94af17c4f9e564f71082cd7d) Importer(815301076,1909f56bfc062723c751e8b465ee728b)  -> (artifact id: 'c7f69a9f73834614d410e71984829060') in 0.021966 seconds
Number of updated asset objects reloaded before import = 0
Number of asset objects unloaded after import = 3
========================================================================
Received Import Request.
  Time since last request: 0.141074 seconds.
  path: Assets/Resources/UI/Items/equip2002.png
  artifactKey: Guid(f3e00a82a92769d479e8a18430ae78fa) Importer(815301076,1909f56bfc062723c751e8b465ee728b)
Start importing Assets/Resources/UI/Items/equip2002.png using Guid(f3e00a82a92769d479e8a18430ae78fa) Importer(815301076,1909f56bfc062723c751e8b465ee728b)  -> (artifact id: 'a954ca2691adeabccf5720a10fc377d7') in 0.020506 seconds
Number of updated asset objects reloaded before import = 0
Number of asset objects unloaded after import = 3
========================================================================
Received Import Request.
  Time since last request: 0.033908 seconds.
  path: Assets/Resources/UI/Items/equip2005.png
  artifactKey: Guid(026175f0c0f9b7b4e9b94236d46a3d9c) Importer(815301076,1909f56bfc062723c751e8b465ee728b)
Start importing Assets/Resources/UI/Items/equip2005.png using Guid(026175f0c0f9b7b4e9b94236d46a3d9c) Importer(815301076,1909f56bfc062723c751e8b465ee728b)  -> (artifact id: '6c7c88bdbea5186fe91cc460cca28184') in 0.025195 seconds
Number of updated asset objects reloaded before import = 0
Number of asset objects unloaded after import = 3
========================================================================
Received Import Request.
  Time since last request: 0.009475 seconds.
  path: Assets/Resources/UI/Items/equip2007.png
  artifactKey: Guid(01824214595611d4c97454369d57546c) Importer(815301076,1909f56bfc062723c751e8b465ee728b)
Start importing Assets/Resources/UI/Items/equip2007.png using Guid(01824214595611d4c97454369d57546c) Importer(815301076,1909f56bfc062723c751e8b465ee728b)  -> (artifact id: 'e2a8e2dab784a950b4ae6356237958aa') in 0.021977 seconds
Number of updated asset objects reloaded before import = 0
Number of asset objects unloaded after import = 3
========================================================================
Received Import Request.
  Time since last request: 0.000036 seconds.
  path: Assets/Resources/UI/Items/equip2011.png
  artifactKey: Guid(4f5e7b33afb760947bc767d6049aef71) Importer(815301076,1909f56bfc062723c751e8b465ee728b)
Start importing Assets/Resources/UI/Items/equip2011.png using Guid(4f5e7b33afb760947bc767d6049aef71) Importer(815301076,1909f56bfc062723c751e8b465ee728b)  -> (artifact id: '0f10d7e4af785ae20db2ccb5e57a93dc') in 0.025402 seconds
Number of updated asset objects reloaded before import = 0
Number of asset objects unloaded after import = 3
========================================================================
Received Import Request.
  Time since last request: 0.604313 seconds.
  path: Assets/Resources/UI/Items/equip2014.png
  artifactKey: Guid(ba11b81600cce99449e63e08c7141fd0) Importer(815301076,1909f56bfc062723c751e8b465ee728b)
Start importing Assets/Resources/UI/Items/equip2014.png using Guid(ba11b81600cce99449e63e08c7141fd0) Importer(815301076,1909f56bfc062723c751e8b465ee728b)  -> (artifact id: 'd4d37485a18d2935cf56f3ba9cd0cd07') in 0.020540 seconds
Number of updated asset objects reloaded before import = 0
Number of asset objects unloaded after import = 3
========================================================================
Received Import Request.
  Time since last request: 0.000025 seconds.
  path: Assets/Resources/UI/Items/equip2016.png
  artifactKey: Guid(975db469be2f7c441a47990ce6f483fb) Importer(815301076,1909f56bfc062723c751e8b465ee728b)
Start importing Assets/Resources/UI/Items/equip2016.png using Guid(975db469be2f7c441a47990ce6f483fb) Importer(815301076,1909f56bfc062723c751e8b465ee728b)  -> (artifact id: 'd7f8d853d53b24d2b5380a966ea89431') in 0.021788 seconds
Number of updated asset objects reloaded before import = 0
Number of asset objects unloaded after import = 3
========================================================================
Received Import Request.
  Time since last request: 0.000014 seconds.
  path: Assets/Resources/UI/Items/equip3001.png
  artifactKey: Guid(aa7293dab742d29418bfd363d7e7d26a) Importer(815301076,1909f56bfc062723c751e8b465ee728b)
Start importing Assets/Resources/UI/Items/equip3001.png using Guid(aa7293dab742d29418bfd363d7e7d26a) Importer(815301076,1909f56bfc062723c751e8b465ee728b)  -> (artifact id: '8e25a6af2a87f36ff72fe9073a2697e3') in 0.022046 seconds
Number of updated asset objects reloaded before import = 0
Number of asset objects unloaded after import = 3
========================================================================
Received Import Request.
  Time since last request: 0.191002 seconds.
  path: Assets/Resources/UI/Items/equip3003.png
  artifactKey: Guid(d0a5d8e8c7c3ca848b073871f8af7b91) Importer(815301076,1909f56bfc062723c751e8b465ee728b)
Start importing Assets/Resources/UI/Items/equip3003.png using Guid(d0a5d8e8c7c3ca848b073871f8af7b91) Importer(815301076,1909f56bfc062723c751e8b465ee728b)  -> (artifact id: '376b63db6317c808c3322f6faf22e3fb') in 0.020117 seconds
Number of updated asset objects reloaded before import = 0
Number of asset objects unloaded after import = 3
========================================================================
Received Import Request.
  Time since last request: 0.000021 seconds.
  path: Assets/Resources/UI/Items/equip3004.png
  artifactKey: Guid(9b80bad91bbe2954bb8d7ff44b4faaa7) Importer(815301076,1909f56bfc062723c751e8b465ee728b)
Start importing Assets/Resources/UI/Items/equip3004.png using Guid(9b80bad91bbe2954bb8d7ff44b4faaa7) Importer(815301076,1909f56bfc062723c751e8b465ee728b)  -> (artifact id: 'dffccbb0906b986b4bfd3449fccb56ce') in 0.023197 seconds
Number of updated asset objects reloaded before import = 0
Number of asset objects unloaded after import = 3
========================================================================
Received Import Request.
  Time since last request: 0.000015 seconds.
  path: Assets/Resources/UI/Items/equip3006.png
  artifactKey: Guid(1d9dec76ff05bac4bbd07159799468bc) Importer(815301076,1909f56bfc062723c751e8b465ee728b)
Start importing Assets/Resources/UI/Items/equip3006.png using Guid(1d9dec76ff05bac4bbd07159799468bc) Importer(815301076,1909f56bfc062723c751e8b465ee728b)  -> (artifact id: '51abbccfd622d69a8364ca9905d272e3') in 0.024615 seconds
Number of updated asset objects reloaded before import = 0
Number of asset objects unloaded after import = 3
========================================================================
Received Import Request.
  Time since last request: 0.027017 seconds.
  path: Assets/Resources/UI/Items/equip3012.png
  artifactKey: Guid(da043b2af33167141bc9c2ff7fe99a7d) Importer(815301076,1909f56bfc062723c751e8b465ee728b)
Start importing Assets/Resources/UI/Items/equip3012.png using Guid(da043b2af33167141bc9c2ff7fe99a7d) Importer(815301076,1909f56bfc062723c751e8b465ee728b)  -> (artifact id: 'fcced5de6aad9bb1ae3b134481d0e9af') in 0.020987 seconds
Number of updated asset objects reloaded before import = 0
Number of asset objects unloaded after import = 3
========================================================================
Received Import Request.
  Time since last request: 0.000019 seconds.
  path: Assets/Resources/UI/Items/equip3016.png
  artifactKey: Guid(3b8e1508b517f6e4c83cdcd5781f5477) Importer(815301076,1909f56bfc062723c751e8b465ee728b)
Start importing Assets/Resources/UI/Items/equip3016.png using Guid(3b8e1508b517f6e4c83cdcd5781f5477) Importer(815301076,1909f56bfc062723c751e8b465ee728b)  -> (artifact id: '9b148dc97d3f21a4459716e2302f3ff8') in 0.022994 seconds
Number of updated asset objects reloaded before import = 0
Number of asset objects unloaded after import = 3
========================================================================
Received Import Request.
  Time since last request: 0.000015 seconds.
  path: Assets/Resources/UI/Items/equip3014.png
  artifactKey: Guid(03b1d03b437d5c04da6ee0a1ee10d72f) Importer(815301076,1909f56bfc062723c751e8b465ee728b)
Start importing Assets/Resources/UI/Items/equip3014.png using Guid(03b1d03b437d5c04da6ee0a1ee10d72f) Importer(815301076,1909f56bfc062723c751e8b465ee728b)  -> (artifact id: 'eecc1d0764f601585ea8bce9a4680343') in 0.025554 seconds
Number of updated asset objects reloaded before import = 0
Number of asset objects unloaded after import = 3
========================================================================
Received Import Request.
  Time since last request: 0.833841 seconds.
  path: Assets/UI/Login/f3.png
  artifactKey: Guid(fbf15f9414191c649bcb87c67ca5844c) Importer(815301076,1909f56bfc062723c751e8b465ee728b)
Start importing Assets/UI/Login/f3.png using Guid(fbf15f9414191c649bcb87c67ca5844c) Importer(815301076,1909f56bfc062723c751e8b465ee728b)  -> (artifact id: 'f66b92076a10f4903a32b048080b7abc') in 0.021858 seconds
Number of updated asset objects reloaded before import = 0
Number of asset objects unloaded after import = 3
========================================================================
Received Import Request.
  Time since last request: 0.113994 seconds.
  path: Assets/UI/Login/ff1.png
  artifactKey: Guid(2adbb2c88a778744fbdd6d60f69ca333) Importer(815301076,1909f56bfc062723c751e8b465ee728b)
Start importing Assets/UI/Login/ff1.png using Guid(2adbb2c88a778744fbdd6d60f69ca333) Importer(815301076,1909f56bfc062723c751e8b465ee728b)  -> (artifact id: 'bb710a07c0ee6b20754e3ac0803281d3') in 0.017615 seconds
Number of updated asset objects reloaded before import = 0
Number of asset objects unloaded after import = 3
========================================================================
Received Import Request.
  Time since last request: 0.416366 seconds.
  path: Assets/UI/Common/icon_search.png
  artifactKey: Guid(5266fae9124dae94086c71a5e71c8cb9) Importer(815301076,1909f56bfc062723c751e8b465ee728b)
Start importing Assets/UI/Common/icon_search.png using Guid(5266fae9124dae94086c71a5e71c8cb9) Importer(815301076,1909f56bfc062723c751e8b465ee728b)  -> (artifact id: '37b1083a9699c0fd87e3f3c448851372') in 0.018663 seconds
Number of updated asset objects reloaded before import = 0
Number of asset objects unloaded after import = 3
========================================================================
Received Import Request.
  Time since last request: 0.498502 seconds.
  path: Assets/UI/Icons/item_icon_scroll.png
  artifactKey: Guid(7445e487bc5633f42996237980019c6b) Importer(815301076,1909f56bfc062723c751e8b465ee728b)
Start importing Assets/UI/Icons/item_icon_scroll.png using Guid(7445e487bc5633f42996237980019c6b) Importer(815301076,1909f56bfc062723c751e8b465ee728b)  -> (artifact id: '748dc3a3633a32c98955f4ec16f7adcb') in 0.020510 seconds
Number of updated asset objects reloaded before import = 0
Number of asset objects unloaded after import = 3
========================================================================
Received Import Request.
  Time since last request: 0.060453 seconds.
  path: Assets/Resources/UI/Items/lanp.png
  artifactKey: Guid(1e79b51da3408654b98440b1b1581855) Importer(815301076,1909f56bfc062723c751e8b465ee728b)
Start importing Assets/Resources/UI/Items/lanp.png using Guid(1e79b51da3408654b98440b1b1581855) Importer(815301076,1909f56bfc062723c751e8b465ee728b)  -> (artifact id: 'b4836796be75fbad67589f6725894cd4') in 0.019213 seconds
Number of updated asset objects reloaded before import = 0
Number of asset objects unloaded after import = 3
========================================================================
Received Import Request.
  Time since last request: 0.064725 seconds.
  path: Assets/UI/loading_bar.png
  artifactKey: Guid(b86189bb0df372346990cc3763366b23) Importer(815301076,1909f56bfc062723c751e8b465ee728b)
Start importing Assets/UI/loading_bar.png using Guid(b86189bb0df372346990cc3763366b23) Importer(815301076,1909f56bfc062723c751e8b465ee728b)  -> (artifact id: 'd859a5d04f1a992e102bdaab1f8bcc91') in 0.030694 seconds
Number of updated asset objects reloaded before import = 0
Number of asset objects unloaded after import = 3
========================================================================
Received Import Request.
  Time since last request: 0.137355 seconds.
  path: Assets/UI/Login/login_lb_email.png
  artifactKey: Guid(3fa35490fed34d74d8dc2f9cc143f806) Importer(815301076,1909f56bfc062723c751e8b465ee728b)
Start importing Assets/UI/Login/login_lb_email.png using Guid(3fa35490fed34d74d8dc2f9cc143f806) Importer(815301076,1909f56bfc062723c751e8b465ee728b)  -> (artifact id: '9aeec0eef0de0e78b0362f1c8574b49d') in 0.019835 seconds
Number of updated asset objects reloaded before import = 0
Number of asset objects unloaded after import = 3
========================================================================
Received Import Request.
  Time since last request: 0.221697 seconds.
  path: Assets/UI/Login/login_lb_setpass.png
  artifactKey: Guid(48cb0d7d5038a0e448db63930fb38a11) Importer(815301076,1909f56bfc062723c751e8b465ee728b)
Start importing Assets/UI/Login/login_lb_setpass.png using Guid(48cb0d7d5038a0e448db63930fb38a11) Importer(815301076,1909f56bfc062723c751e8b465ee728b)  -> (artifact id: 'bc39dcd74d750d91435f013f3031150f') in 0.019778 seconds
Number of updated asset objects reloaded before import = 0
Number of asset objects unloaded after import = 3
========================================================================
Received Import Request.
  Time since last request: 0.121289 seconds.
  path: Assets/Resources/UI/Minimap/luoriyuhui.PNG
  artifactKey: Guid(e9b488b2ed3ed5048b6b578a642250a8) Importer(815301076,1909f56bfc062723c751e8b465ee728b)
Start importing Assets/Resources/UI/Minimap/luoriyuhui.PNG using Guid(e9b488b2ed3ed5048b6b578a642250a8) Importer(815301076,1909f56bfc062723c751e8b465ee728b)  -> (artifact id: '547e6e775a72c430122f6747e39957be') in 0.040530 seconds
Number of updated asset objects reloaded before import = 0
Number of asset objects unloaded after import = 3
========================================================================
Received Import Request.
  Time since last request: 0.184946 seconds.
  path: Assets/UI/Common/main_chat_channel_all.png
  artifactKey: Guid(a0d9a7185dbb70d49a391040c0c8b2b4) Importer(815301076,1909f56bfc062723c751e8b465ee728b)
Start importing Assets/UI/Common/main_chat_channel_all.png using Guid(a0d9a7185dbb70d49a391040c0c8b2b4) Importer(815301076,1909f56bfc062723c751e8b465ee728b)  -> (artifact id: '9aaf8eb404c8b575441732c25b851423') in 0.020255 seconds
Number of updated asset objects reloaded before import = 0
Number of asset objects unloaded after import = 3
========================================================================
Received Import Request.
  Time since last request: 0.122248 seconds.
  path: Assets/UI/Common/main_exp_bar.png
  artifactKey: Guid(9288ea6c45e9a644da3837a8ba9ad5aa) Importer(815301076,1909f56bfc062723c751e8b465ee728b)
Start importing Assets/UI/Common/main_exp_bar.png using Guid(9288ea6c45e9a644da3837a8ba9ad5aa) Importer(815301076,1909f56bfc062723c751e8b465ee728b)  -> (artifact id: 'edde4500b2dfa8a1f9e2f73b10863305') in 0.017329 seconds
Number of updated asset objects reloaded before import = 0
Number of asset objects unloaded after import = 3
========================================================================
Received Import Request.
  Time since last request: 0.111858 seconds.
  path: Assets/UI/Common/main_hp_bar.png
  artifactKey: Guid(fef468787fe7eab4a939022e3cb2c281) Importer(815301076,1909f56bfc062723c751e8b465ee728b)
Start importing Assets/UI/Common/main_hp_bar.png using Guid(fef468787fe7eab4a939022e3cb2c281) Importer(815301076,1909f56bfc062723c751e8b465ee728b)  -> (artifact id: '86c2c117063afa7370a97de265acc744') in 0.018648 seconds
Number of updated asset objects reloaded before import = 0
Number of asset objects unloaded after import = 3
========================================================================
Received Import Request.
  Time since last request: 0.000051 seconds.
  path: Assets/UI/Common/main_icon_adventure.png
  artifactKey: Guid(1bb51ccd81b46754e8c9387647b6be9f) Importer(815301076,1909f56bfc062723c751e8b465ee728b)
Start importing Assets/UI/Common/main_icon_adventure.png using Guid(1bb51ccd81b46754e8c9387647b6be9f) Importer(815301076,1909f56bfc062723c751e8b465ee728b)  -> (artifact id: '4b73b3e18db5edc9aac8fd6fd0c04ffa') in 0.018372 seconds
Number of updated asset objects reloaded before import = 0
Number of asset objects unloaded after import = 3
========================================================================
Received Import Request.
  Time since last request: 0.320198 seconds.
  path: Assets/UI/Common/main_icon_bag.png
  artifactKey: Guid(a348673e0de892b47b5b36a6de5a14d9) Importer(815301076,1909f56bfc062723c751e8b465ee728b)
Start importing Assets/UI/Common/main_icon_bag.png using Guid(a348673e0de892b47b5b36a6de5a14d9) Importer(815301076,1909f56bfc062723c751e8b465ee728b)  -> (artifact id: '17aa83a2900eb61efd719f8570b7278b') in 0.018627 seconds
Number of updated asset objects reloaded before import = 0
Number of asset objects unloaded after import = 3
========================================================================
Received Import Request.
  Time since last request: 0.067176 seconds.
  path: Assets/UI/Common/main_icon_friends.png
  artifactKey: Guid(46176105959b119439a4df0c8e305825) Importer(815301076,1909f56bfc062723c751e8b465ee728b)
Start importing Assets/UI/Common/main_icon_friends.png using Guid(46176105959b119439a4df0c8e305825) Importer(815301076,1909f56bfc062723c751e8b465ee728b)  -> (artifact id: '12145976d192c4dddabe0195d95972d3') in 0.018891 seconds
Number of updated asset objects reloaded before import = 0
Number of asset objects unloaded after import = 3
========================================================================
Received Import Request.
  Time since last request: 0.000037 seconds.
  path: Assets/UI/Common/main_icon_ride.png
  artifactKey: Guid(beed4fcbc1b11db4cbe34c179357a1df) Importer(815301076,1909f56bfc062723c751e8b465ee728b)
Start importing Assets/UI/Common/main_icon_ride.png using Guid(beed4fcbc1b11db4cbe34c179357a1df) Importer(815301076,1909f56bfc062723c751e8b465ee728b)  -> (artifact id: '9b1f83410ecb22b3135aca7f966b46ad') in 0.022328 seconds
Number of updated asset objects reloaded before import = 0
Number of asset objects unloaded after import = 3
========================================================================
Received Import Request.
  Time since last request: 0.081316 seconds.
  path: Assets/UI/Common/main_icon_slot.png
  artifactKey: Guid(5824deeb82dbed3449e153305968b3f5) Importer(815301076,1909f56bfc062723c751e8b465ee728b)
Start importing Assets/UI/Common/main_icon_slot.png using Guid(5824deeb82dbed3449e153305968b3f5) Importer(815301076,1909f56bfc062723c751e8b465ee728b)  -> (artifact id: '5d0ee4ed453759afa82c274679707fe5') in 0.020652 seconds
Number of updated asset objects reloaded before import = 0
Number of asset objects unloaded after import = 3
========================================================================
Received Import Request.
  Time since last request: 0.059980 seconds.
  path: Assets/UI/Common/main_mp_bar.png
  artifactKey: Guid(326b5f1b91933f94183c1fd9444ccf35) Importer(815301076,1909f56bfc062723c751e8b465ee728b)
Start importing Assets/UI/Common/main_mp_bar.png using Guid(326b5f1b91933f94183c1fd9444ccf35) Importer(815301076,1909f56bfc062723c751e8b465ee728b)  -> (artifact id: 'cd9de01a98b1771fd66a9e58759f6bf1') in 0.018398 seconds
Number of updated asset objects reloaded before import = 0
Number of asset objects unloaded after import = 3
========================================================================
Received Import Request.
  Time since last request: 0.056152 seconds.
  path: Assets/UI/Common/main_scroll_btn.png
  artifactKey: Guid(025fe4062bdcaf5469eaae8800e9a6b8) Importer(815301076,1909f56bfc062723c751e8b465ee728b)
Start importing Assets/UI/Common/main_scroll_btn.png using Guid(025fe4062bdcaf5469eaae8800e9a6b8) Importer(815301076,1909f56bfc062723c751e8b465ee728b)  -> (artifact id: '46f2d01adc83919ee6ef57249ec254a6') in 0.023503 seconds
Number of updated asset objects reloaded before import = 0
Number of asset objects unloaded after import = 3
========================================================================
Received Import Request.
  Time since last request: 0.000015 seconds.
  path: Assets/UI/Common/main_small_btn_tri.png
  artifactKey: Guid(1f80f1cdbb91d544e8a9d76610a75dab) Importer(815301076,1909f56bfc062723c751e8b465ee728b)
Start importing Assets/UI/Common/main_small_btn_tri.png using Guid(1f80f1cdbb91d544e8a9d76610a75dab) Importer(815301076,1909f56bfc062723c751e8b465ee728b)  -> (artifact id: '86c900c243c0cc30578ae80d0603322c') in 0.021549 seconds
Number of updated asset objects reloaded before import = 0
Number of asset objects unloaded after import = 3
========================================================================
Received Import Request.
  Time since last request: 1.220705 seconds.
  path: Assets/Resources/UI/Items/ride8003.png
  artifactKey: Guid(0c65f7d4d1765bb48a121e114c6d1daa) Importer(815301076,1909f56bfc062723c751e8b465ee728b)
Start importing Assets/Resources/UI/Items/ride8003.png using Guid(0c65f7d4d1765bb48a121e114c6d1daa) Importer(815301076,1909f56bfc062723c751e8b465ee728b)  -> (artifact id: '130618c4591bb13317c5d30d3546d589') in 0.023800 seconds
Number of updated asset objects reloaded before import = 0
Number of asset objects unloaded after import = 3
========================================================================
Received Import Request.
  Time since last request: 9.789720 seconds.
  path: Assets/UI/Login/y1.png
  artifactKey: Guid(adf7c7725cff887439fc7ce99e83a49b) Importer(815301076,1909f56bfc062723c751e8b465ee728b)
Start importing Assets/UI/Login/y1.png using Guid(adf7c7725cff887439fc7ce99e83a49b) Importer(815301076,1909f56bfc062723c751e8b465ee728b)  -> (artifact id: '8c0a34cf5946a59eec93e7c4b2619252') in 0.022838 seconds
Number of updated asset objects reloaded before import = 0
Number of asset objects unloaded after import = 3
========================================================================
Received Import Request.
  Time since last request: 369.146655 seconds.
  path: Assets/Resources/UI/Skill/archer_skill_02.png
  artifactKey: Guid(af8670e17d6118c469ad9ed50dfac33f) Importer(815301076,1909f56bfc062723c751e8b465ee728b)
Start importing Assets/Resources/UI/Skill/archer_skill_02.png using Guid(af8670e17d6118c469ad9ed50dfac33f) Importer(815301076,1909f56bfc062723c751e8b465ee728b)  -> (artifact id: 'ec964b21994a8a09f73dc5d345fef439') in 0.026289 seconds
Number of updated asset objects reloaded before import = 0
Number of asset objects unloaded after import = 3
========================================================================
Received Prepare
Begin MonoManager ReloadAssembly
Duplicate assembly 'log4net.dll' with different versions detected, using 'Assets/References/log4net.dll, AssemblyName=log4net, Version=2.0.8.0, Culture=neutral, PublicKeyToken=null' and ignoring 'Packages/com.unity.collab-proxy/Lib/Editor/PlasticSCM/log4netPlastic.dll, AssemblyName=log4net, Version=1.2.15.0, Culture=neutral, PublicKeyToken=669e0ddf0bb1aa2a'.Duplicate assembly 'Newtonsoft.Json.dll' with different versions detected, using 'Packages/com.unity.nuget.newtonsoft-json/Runtime/Newtonsoft.Json.dll, AssemblyName=Newtonsoft.Json, Version=13.0.0.0, Culture=neutral, PublicKeyToken=30ad4fe6b2a6aeed' and ignoring 'Assets/JsonDotNet/Assemblies/Standalone/Newtonsoft.Json.dll, AssemblyName=Newtonsoft.Json, Version=8.0.0.0, Culture=neutral, PublicKeyToken=null'.Symbol file LoadedFromMemory is not a mono symbol file
Symbol file LoadedFromMemory is not a mono symbol file
Symbol file LoadedFromMemory is not a mono symbol file
- Loaded All Assemblies, in  3.154 seconds
Refreshing native plugins compatible for Editor in 13.47 ms, found 2 plugins.
Native extension for WindowsStandalone target not found
Native extension for WebGL target not found
[Package Manager] Server::EnsureServerProcessIsRunning -- launch failed, reason: Unity was launched with the -noUpm command-line argument
[Package Manager] UpmClient::Send -- Unable to send message (not connected to UPM process).
[Package Manager] Cannot connect to Unity Package Manager local server
Mono: successfully reloaded assembly
- Finished resetting the current domain, in  2.680 seconds
Domain Reload Profiling: 5826ms
	BeginReloadAssembly (856ms)
		ExecutionOrderSort (0ms)
		DisableScriptedObjects (75ms)
		BackupInstance (0ms)
		ReleaseScriptingObjects (0ms)
		CreateAndSetChildDomain (438ms)
	RebuildCommonClasses (32ms)
	RebuildNativeTypeToScriptingClass (9ms)
	initialDomainReloadingComplete (41ms)
	LoadAllAssembliesAndSetupDomain (2208ms)
		LoadAssemblies (2314ms)
		RebuildTransferFunctionScriptingTraits (0ms)
		AnalyzeDomain (100ms)
			TypeCache.Refresh (79ms)
				TypeCache.ScanAssembly (54ms)
			ScanForSourceGeneratedMonoScriptInfo (16ms)
			ResolveRequiredComponents (4ms)
	FinalizeReload (2681ms)
		ReleaseScriptCaches (0ms)
		RebuildScriptCaches (0ms)
		SetupLoadedEditorAssemblies (1543ms)
			LogAssemblyErrors (0ms)
			InitializePlatformSupportModulesInManaged (15ms)
			SetLoadedEditorAssemblies (8ms)
			RefreshPlugins (0ms)
			BeforeProcessingInitializeOnLoad (117ms)
			ProcessInitializeOnLoadAttributes (1288ms)
			ProcessInitializeOnLoadMethodAttributes (103ms)
			AfterProcessingInitializeOnLoad (12ms)
			EditorAssembliesLoaded (1ms)
		ExecutionOrderSort2 (0ms)
		AwakeInstancesAfterBackupRestoration (8ms)
Refreshing native plugins compatible for Editor in 13.86 ms, found 2 plugins.
Preloading 0 native plugins for Editor in 0.00 ms.
Unloading 2673 Unused Serialized files (Serialized files now loaded: 0)
Unloading 57 unused Assets / (47.2 KB). Loaded Objects now: 3211.
Memory consumption went from 116.5 MB to 116.4 MB.
Total: 15.329600 ms (FindLiveObjects: 0.214200 ms CreateObjectMapping: 0.135800 ms MarkObjects: 14.313400 ms  DeleteObjects: 0.665100 ms)

Prepare: number of updated asset objects reloaded= 0
AssetImportParameters requested are different than current active one (requested -> active):
  custom:video-decoder-webm-vp8: 9c59270c3fd7afecdb556c50c9e8de78 -> 
  custom:SearchIndexIgnoredProperties: e643bd26f0fe6173181afceb89e7c659 -> 
  custom:container-demuxer-ogg: 62fdf1f143b41e24485cea50d1cbac27 -> 
  custom:AudioImporter_EditorPlatform: d09bf68614088b80899f8185d706f6e7 -> 
  custom:video-decoder-ogg-theora: a1e56fd34408186e4bbccfd4996cb3dc -> 
  custom:framework-win-MediaFoundation: 216162199b28c13a410421893ffa2e32 -> 
  custom:video-encoder-webm-vp8: eb34c28f22e8b96e1ab97ce403110664 -> 
  custom:audio-decoder-ogg-vorbis: bf7c407c2cedff20999df2af8eb42d56 -> 
  custom:CustomObjectIndexerAttribute: 756ad292c208cfabdd7b50bc23989ffe -> 
  custom:container-demuxer-webm: 4f35f7cbe854078d1ac9338744f61a02 -> 
  custom:audio-encoder-webm-vorbis: bf7c407c2cedff20999df2af8eb42d56 -> 
  custom:container-muxer-webm: aa71ff27fc2769a1b78a27578f13a17b -> 
========================================================================
Received Prepare
Begin MonoManager ReloadAssembly
Duplicate assembly 'log4net.dll' with different versions detected, using 'Assets/References/log4net.dll, AssemblyName=log4net, Version=2.0.8.0, Culture=neutral, PublicKeyToken=null' and ignoring 'Packages/com.unity.collab-proxy/Lib/Editor/PlasticSCM/log4netPlastic.dll, AssemblyName=log4net, Version=1.2.15.0, Culture=neutral, PublicKeyToken=669e0ddf0bb1aa2a'.Duplicate assembly 'Newtonsoft.Json.dll' with different versions detected, using 'Packages/com.unity.nuget.newtonsoft-json/Runtime/Newtonsoft.Json.dll, AssemblyName=Newtonsoft.Json, Version=13.0.0.0, Culture=neutral, PublicKeyToken=30ad4fe6b2a6aeed' and ignoring 'Assets/JsonDotNet/Assemblies/Standalone/Newtonsoft.Json.dll, AssemblyName=Newtonsoft.Json, Version=8.0.0.0, Culture=neutral, PublicKeyToken=null'.Symbol file LoadedFromMemory is not a mono symbol file
Symbol file LoadedFromMemory is not a mono symbol file
Symbol file LoadedFromMemory is not a mono symbol file
- Loaded All Assemblies, in  0.735 seconds
Refreshing native plugins compatible for Editor in 14.44 ms, found 2 plugins.
Native extension for WindowsStandalone target not found
Native extension for WebGL target not found
[Package Manager] Server::EnsureServerProcessIsRunning -- launch failed, reason: Unity was launched with the -noUpm command-line argument
[Package Manager] UpmClient::Send -- Unable to send message (not connected to UPM process).
[Package Manager] Cannot connect to Unity Package Manager local server
Mono: successfully reloaded assembly
- Finished resetting the current domain, in  2.241 seconds
Domain Reload Profiling: 2968ms
	BeginReloadAssembly (227ms)
		ExecutionOrderSort (0ms)
		DisableScriptedObjects (6ms)
		BackupInstance (0ms)
		ReleaseScriptingObjects (0ms)
		CreateAndSetChildDomain (74ms)
	RebuildCommonClasses (32ms)
	RebuildNativeTypeToScriptingClass (9ms)
	initialDomainReloadingComplete (38ms)
	LoadAllAssembliesAndSetupDomain (421ms)
		LoadAssemblies (507ms)
		RebuildTransferFunctionScriptingTraits (0ms)
		AnalyzeDomain (26ms)
			TypeCache.Refresh (15ms)
				TypeCache.ScanAssembly (5ms)
			ScanForSourceGeneratedMonoScriptInfo (7ms)
			ResolveRequiredComponents (3ms)
	FinalizeReload (2241ms)
		ReleaseScriptCaches (0ms)
		RebuildScriptCaches (0ms)
		SetupLoadedEditorAssemblies (1481ms)
			LogAssemblyErrors (0ms)
			InitializePlatformSupportModulesInManaged (10ms)
			SetLoadedEditorAssemblies (5ms)
			RefreshPlugins (0ms)
			BeforeProcessingInitializeOnLoad (114ms)
			ProcessInitializeOnLoadAttributes (1244ms)
			ProcessInitializeOnLoadMethodAttributes (94ms)
			AfterProcessingInitializeOnLoad (14ms)
			EditorAssembliesLoaded (0ms)
		ExecutionOrderSort2 (0ms)
		AwakeInstancesAfterBackupRestoration (7ms)
Refreshing native plugins compatible for Editor in 14.73 ms, found 2 plugins.
Preloading 0 native plugins for Editor in 0.00 ms.
Unloading 2674 Unused Serialized files (Serialized files now loaded: 0)
Unloading 57 unused Assets / (47.3 KB). Loaded Objects now: 3215.
Memory consumption went from 117.0 MB to 117.0 MB.
Total: 10.501500 ms (FindLiveObjects: 0.196400 ms CreateObjectMapping: 0.125100 ms MarkObjects: 10.076400 ms  DeleteObjects: 0.102600 ms)

Prepare: number of updated asset objects reloaded= 0
AssetImportParameters requested are different than current active one (requested -> active):
  custom:video-decoder-webm-vp8: 9c59270c3fd7afecdb556c50c9e8de78 -> 
  custom:SearchIndexIgnoredProperties: e643bd26f0fe6173181afceb89e7c659 -> 
  custom:container-demuxer-ogg: 62fdf1f143b41e24485cea50d1cbac27 -> 
  custom:AudioImporter_EditorPlatform: d09bf68614088b80899f8185d706f6e7 -> 
  custom:video-decoder-ogg-theora: a1e56fd34408186e4bbccfd4996cb3dc -> 
  custom:framework-win-MediaFoundation: 216162199b28c13a410421893ffa2e32 -> 
  custom:video-encoder-webm-vp8: eb34c28f22e8b96e1ab97ce403110664 -> 
  custom:audio-decoder-ogg-vorbis: bf7c407c2cedff20999df2af8eb42d56 -> 
  custom:CustomObjectIndexerAttribute: 756ad292c208cfabdd7b50bc23989ffe -> 
  custom:container-demuxer-webm: 4f35f7cbe854078d1ac9338744f61a02 -> 
  custom:audio-encoder-webm-vorbis: bf7c407c2cedff20999df2af8eb42d56 -> 
  custom:container-muxer-webm: aa71ff27fc2769a1b78a27578f13a17b -> 
========================================================================
Received Import Request.
  Time since last request: 8358.366621 seconds.
  path: Assets/UI/Prefabs/UIRide/UIRideItem.prefab
  artifactKey: Guid(97f078d4b5cfffa42a4768aee87260ab) Importer(815301076,1909f56bfc062723c751e8b465ee728b)
Start importing Assets/UI/Prefabs/UIRide/UIRideItem.prefab using Guid(97f078d4b5cfffa42a4768aee87260ab) Importer(815301076,1909f56bfc062723c751e8b465ee728b)  -> (artifact id: '9ab8de944875502b8e9c07b5eed18c3f') in 0.059290 seconds
Number of updated asset objects reloaded before import = 0
Number of asset objects unloaded after import = 34
========================================================================
Received Import Request.
  Time since last request: 0.000019 seconds.
  path: Assets/Resources/Character/Warrior.prefab
  artifactKey: Guid(2159067bf9c33b84b99dbfe5f258ae1d) Importer(815301076,1909f56bfc062723c751e8b465ee728b)
Start importing Assets/Resources/Character/Warrior.prefab using Guid(2159067bf9c33b84b99dbfe5f258ae1d) Importer(815301076,1909f56bfc062723c751e8b465ee728b)  -> (artifact id: 'cd0e3dff1e287477529cdc009fda6d63') in 0.172012 seconds
Number of updated asset objects reloaded before import = 0
Number of asset objects unloaded after import = 247
========================================================================
Received Import Request.
  Time since last request: 0.000028 seconds.
  path: Assets/Models/Characters/Warrior/fbx/Warrior_AtkB.FBX
  artifactKey: Guid(e49ab71241741cc4c993a708cdd6fe0c) Importer(815301076,1909f56bfc062723c751e8b465ee728b)
Start importing Assets/Models/Characters/Warrior/fbx/Warrior_AtkB.FBX using Guid(e49ab71241741cc4c993a708cdd6fe0c) Importer(815301076,1909f56bfc062723c751e8b465ee728b)  -> (artifact id: '022ee535ee3cd11b901fff86706e8f5f') in 0.068925 seconds
Number of updated asset objects reloaded before import = 0
Number of asset objects unloaded after import = 97
Editor requested this worker to shutdown with reason: Scaling down because of idle timeout
TcpMessagingSession - receive error: operation aborted. errorcode: 995, details: 由于线程退出或应用程序请求，已中止 I/O 操作。
AssetImportWorker is now disconnected from the server
Process exiting
Exiting without the bug reporter. Application will terminate with return code 0