Using pre-set license
Built from '2022.3/staging' branch; Version is '2022.3.9f1 (ea401c316338) revision 15351836'; Using compiler version '192829333'; Build Type 'Release'
OS: 'Windows 11  (10.0.22000) 64bit CoreCountrySpecific' Language: 'zh' Physical Memory: 16252 MB
BatchMode: 1, IsHumanControllingUs: 0, StartBugReporterOnCrash: 0, Is64bit: 1, IsPro: 1

COMMAND LINE ARGUMENTS:
C:\GameMaker\Unity\Unity2022\Unity 2022.3.9f1\Editor\Unity.exe
-adb2
-batchMode
-noUpm
-name
AssetImportWorker4
-projectPath
C:/GameMaker/ExtremeWorld/mmowork/Src/Client
-logFile
Logs/AssetImportWorker4.log
-srvPort
50236
Successfully changed project path to: C:/GameMaker/ExtremeWorld/mmowork/Src/Client
C:/GameMaker/ExtremeWorld/mmowork/Src/Client
[UnityMemory] Configuration Parameters - Can be set up in boot.config
    "memorysetup-bucket-allocator-granularity=16"
    "memorysetup-bucket-allocator-bucket-count=8"
    "memorysetup-bucket-allocator-block-size=33554432"
    "memorysetup-bucket-allocator-block-count=8"
    "memorysetup-main-allocator-block-size=16777216"
    "memorysetup-thread-allocator-block-size=16777216"
    "memorysetup-gfx-main-allocator-block-size=16777216"
    "memorysetup-gfx-thread-allocator-block-size=16777216"
    "memorysetup-cache-allocator-block-size=4194304"
    "memorysetup-typetree-allocator-block-size=2097152"
    "memorysetup-profiler-bucket-allocator-granularity=16"
    "memorysetup-profiler-bucket-allocator-bucket-count=8"
    "memorysetup-profiler-bucket-allocator-block-size=33554432"
    "memorysetup-profiler-bucket-allocator-block-count=8"
    "memorysetup-profiler-allocator-block-size=16777216"
    "memorysetup-profiler-editor-allocator-block-size=1048576"
    "memorysetup-temp-allocator-size-main=16777216"
    "memorysetup-job-temp-allocator-block-size=2097152"
    "memorysetup-job-temp-allocator-block-size-background=1048576"
    "memorysetup-job-temp-allocator-reduction-small-platforms=262144"
    "memorysetup-allocator-temp-initial-block-size-main=262144"
    "memorysetup-allocator-temp-initial-block-size-worker=262144"
    "memorysetup-temp-allocator-size-background-worker=32768"
    "memorysetup-temp-allocator-size-job-worker=262144"
    "memorysetup-temp-allocator-size-preload-manager=33554432"
    "memorysetup-temp-allocator-size-nav-mesh-worker=65536"
    "memorysetup-temp-allocator-size-audio-worker=65536"
    "memorysetup-temp-allocator-size-cloud-worker=32768"
    "memorysetup-temp-allocator-size-gi-baking-worker=262144"
    "memorysetup-temp-allocator-size-gfx=262144"
Player connection [72848] Host "[IP] 192.168.5.17 [Port] 0 [Flags] 2 [Guid] 903184186 [EditorId] 903184186 [Version] 1048832 [Id] WindowsEditor(7,Arendelle) [Debug] 1 [PackageName] WindowsEditor [ProjectName] Editor" joined multi-casting on [225.0.0.222:54997]...

Player connection [72848] Host "[IP] 192.168.5.17 [Port] 0 [Flags] 2 [Guid] 903184186 [EditorId] 903184186 [Version] 1048832 [Id] WindowsEditor(7,Arendelle) [Debug] 1 [PackageName] WindowsEditor [ProjectName] Editor" joined alternative multi-casting on [225.0.0.222:34997]...

[Physics::Module] Initialized MultithreadedJobDispatcher with 15 workers.
Refreshing native plugins compatible for Editor in 20.08 ms, found 2 plugins.
Preloading 0 native plugins for Editor in 0.00 ms.
Initialize engine version: 2022.3.9f1 (ea401c316338)
[Subsystems] Discovering subsystems at path C:/GameMaker/Unity/Unity2022/Unity 2022.3.9f1/Editor/Data/Resources/UnitySubsystems
[Subsystems] Discovering subsystems at path C:/GameMaker/ExtremeWorld/mmowork/Src/Client/Assets
GfxDevice: creating device client; threaded=0; jobified=0
Direct3D:
    Version:  Direct3D 11.0 [level 11.1]
    Renderer: NVIDIA GeForce RTX 3060 Laptop GPU (ID=0x2560)
    Vendor:   NVIDIA
    VRAM:     6009 MB
    Driver:   31.0.15.2799
Initialize mono
Mono path[0] = 'C:/GameMaker/Unity/Unity2022/Unity 2022.3.9f1/Editor/Data/Managed'
Mono path[1] = 'C:/GameMaker/Unity/Unity2022/Unity 2022.3.9f1/Editor/Data/MonoBleedingEdge/lib/mono/unityjit-win32'
Mono config path = 'C:/GameMaker/Unity/Unity2022/Unity 2022.3.9f1/Editor/Data/MonoBleedingEdge/etc'
Using monoOptions --debugger-agent=transport=dt_socket,embedding=1,server=y,suspend=n,address=127.0.0.1:56472
Begin MonoManager ReloadAssembly
Registering precompiled unity dll's ...
Register platform support module: C:/GameMaker/Unity/Unity2022/Unity 2022.3.9f1/Editor/Data/PlaybackEngines/WebGLSupport/UnityEditor.WebGL.Extensions.dll
Register platform support module: C:/GameMaker/Unity/Unity2022/Unity 2022.3.9f1/Editor/Data/PlaybackEngines/WindowsStandaloneSupport/UnityEditor.WindowsStandalone.Extensions.dll
Registered in 0.013390 seconds.
- Loaded All Assemblies, in  0.315 seconds
Native extension for WindowsStandalone target not found
Native extension for WebGL target not found
Mono: successfully reloaded assembly
- Finished resetting the current domain, in  0.220 seconds
Domain Reload Profiling: 532ms
	BeginReloadAssembly (103ms)
		ExecutionOrderSort (0ms)
		DisableScriptedObjects (0ms)
		BackupInstance (0ms)
		ReleaseScriptingObjects (0ms)
		CreateAndSetChildDomain (1ms)
	RebuildCommonClasses (28ms)
	RebuildNativeTypeToScriptingClass (8ms)
	initialDomainReloadingComplete (61ms)
	LoadAllAssembliesAndSetupDomain (112ms)
		LoadAssemblies (100ms)
		RebuildTransferFunctionScriptingTraits (0ms)
		AnalyzeDomain (110ms)
			TypeCache.Refresh (108ms)
				TypeCache.ScanAssembly (98ms)
			ScanForSourceGeneratedMonoScriptInfo (0ms)
			ResolveRequiredComponents (0ms)
	FinalizeReload (221ms)
		ReleaseScriptCaches (0ms)
		RebuildScriptCaches (0ms)
		SetupLoadedEditorAssemblies (169ms)
			LogAssemblyErrors (0ms)
			InitializePlatformSupportModulesInManaged (11ms)
			SetLoadedEditorAssemblies (6ms)
			RefreshPlugins (0ms)
			BeforeProcessingInitializeOnLoad (2ms)
			ProcessInitializeOnLoadAttributes (109ms)
			ProcessInitializeOnLoadMethodAttributes (41ms)
			AfterProcessingInitializeOnLoad (0ms)
			EditorAssembliesLoaded (0ms)
		ExecutionOrderSort2 (0ms)
		AwakeInstancesAfterBackupRestoration (0ms)
========================================================================
Worker process is ready to serve import requests
Begin MonoManager ReloadAssembly
Duplicate assembly 'log4net.dll' with different versions detected, using 'Assets/References/log4net.dll, AssemblyName=log4net, Version=2.0.8.0, Culture=neutral, PublicKeyToken=null' and ignoring 'Packages/com.unity.collab-proxy/Lib/Editor/PlasticSCM/log4netPlastic.dll, AssemblyName=log4net, Version=1.2.15.0, Culture=neutral, PublicKeyToken=669e0ddf0bb1aa2a'.Duplicate assembly 'Newtonsoft.Json.dll' with different versions detected, using 'Packages/com.unity.nuget.newtonsoft-json/Runtime/Newtonsoft.Json.dll, AssemblyName=Newtonsoft.Json, Version=13.0.0.0, Culture=neutral, PublicKeyToken=30ad4fe6b2a6aeed' and ignoring 'Assets/JsonDotNet/Assemblies/Standalone/Newtonsoft.Json.dll, AssemblyName=Newtonsoft.Json, Version=8.0.0.0, Culture=neutral, PublicKeyToken=null'.Symbol file LoadedFromMemory is not a mono symbol file
Symbol file LoadedFromMemory is not a mono symbol file
Symbol file LoadedFromMemory is not a mono symbol file
- Loaded All Assemblies, in  0.660 seconds
Refreshing native plugins compatible for Editor in 12.97 ms, found 2 plugins.
Native extension for WindowsStandalone target not found
Native extension for WebGL target not found
Launched and connected shader compiler UnityShaderCompiler.exe after 0.03 seconds
Package Manager log level set to [2]
[Package Manager] Server::EnsureServerProcessIsRunning -- launch failed, reason: Unity was launched with the -noUpm command-line argument
[Package Manager] UpmClient::Send -- Unable to send message (not connected to UPM process).
[Package Manager] Cannot connect to Unity Package Manager local server
Mono: successfully reloaded assembly
- Finished resetting the current domain, in  1.462 seconds
Domain Reload Profiling: 2116ms
	BeginReloadAssembly (147ms)
		ExecutionOrderSort (0ms)
		DisableScriptedObjects (5ms)
		BackupInstance (0ms)
		ReleaseScriptingObjects (0ms)
		CreateAndSetChildDomain (20ms)
	RebuildCommonClasses (27ms)
	RebuildNativeTypeToScriptingClass (8ms)
	initialDomainReloadingComplete (42ms)
	LoadAllAssembliesAndSetupDomain (429ms)
		LoadAssemblies (401ms)
		RebuildTransferFunctionScriptingTraits (0ms)
		AnalyzeDomain (118ms)
			TypeCache.Refresh (97ms)
				TypeCache.ScanAssembly (78ms)
			ScanForSourceGeneratedMonoScriptInfo (16ms)
			ResolveRequiredComponents (4ms)
	FinalizeReload (1463ms)
		ReleaseScriptCaches (0ms)
		RebuildScriptCaches (0ms)
		SetupLoadedEditorAssemblies (1341ms)
			LogAssemblyErrors (0ms)
			InitializePlatformSupportModulesInManaged (9ms)
			SetLoadedEditorAssemblies (5ms)
			RefreshPlugins (0ms)
			BeforeProcessingInitializeOnLoad (93ms)
			ProcessInitializeOnLoadAttributes (1139ms)
			ProcessInitializeOnLoadMethodAttributes (83ms)
			AfterProcessingInitializeOnLoad (10ms)
			EditorAssembliesLoaded (0ms)
		ExecutionOrderSort2 (0ms)
		AwakeInstancesAfterBackupRestoration (6ms)
Refreshing native plugins compatible for Editor in 14.10 ms, found 2 plugins.
Preloading 0 native plugins for Editor in 0.00 ms.
Unloading 2698 Unused Serialized files (Serialized files now loaded: 0)
Unloading 68 unused Assets / (73.1 KB). Loaded Objects now: 3159.
Memory consumption went from 122.3 MB to 122.2 MB.
Total: 10.991700 ms (FindLiveObjects: 0.185900 ms CreateObjectMapping: 0.135100 ms MarkObjects: 10.505400 ms  DeleteObjects: 0.164400 ms)

AssetImportParameters requested are different than current active one (requested -> active):
  custom:video-decoder-webm-vp8: 9c59270c3fd7afecdb556c50c9e8de78 -> 
  custom:SearchIndexIgnoredProperties: e643bd26f0fe6173181afceb89e7c659 -> 
  custom:container-demuxer-ogg: 62fdf1f143b41e24485cea50d1cbac27 -> 
  custom:AudioImporter_EditorPlatform: d09bf68614088b80899f8185d706f6e7 -> 
  custom:video-decoder-ogg-theora: a1e56fd34408186e4bbccfd4996cb3dc -> 
  custom:framework-win-MediaFoundation: 216162199b28c13a410421893ffa2e32 -> 
  custom:video-encoder-webm-vp8: eb34c28f22e8b96e1ab97ce403110664 -> 
  custom:audio-decoder-ogg-vorbis: bf7c407c2cedff20999df2af8eb42d56 -> 
  custom:CustomObjectIndexerAttribute: 756ad292c208cfabdd7b50bc23989ffe -> 
  custom:container-demuxer-webm: 4f35f7cbe854078d1ac9338744f61a02 -> 
  custom:audio-encoder-webm-vorbis: bf7c407c2cedff20999df2af8eb42d56 -> 
  custom:container-muxer-webm: aa71ff27fc2769a1b78a27578f13a17b -> 
========================================================================
Received Import Request.
  Time since last request: 1365584.081370 seconds.
  path: Assets/UI/Login/panel_login_bg.png
  artifactKey: Guid(d93361caf9c0aa54889efe5dca16225e) Importer(815301076,1909f56bfc062723c751e8b465ee728b)
Start importing Assets/UI/Login/panel_login_bg.png using Guid(d93361caf9c0aa54889efe5dca16225e) Importer(815301076,1909f56bfc062723c751e8b465ee728b)  -> (artifact id: '2207220f5964a8d6976a6fa4e4df865e') in 0.054084 seconds
Number of updated asset objects reloaded before import = 0
Number of asset objects unloaded after import = 3
========================================================================
Received Import Request.
  Time since last request: 11.730732 seconds.
  path: Assets/UI/Fonts/numbers.png
  artifactKey: Guid(bd7d0663d9703cd41a5050c2bb73b319) Importer(815301076,1909f56bfc062723c751e8b465ee728b)
Start importing Assets/UI/Fonts/numbers.png using Guid(bd7d0663d9703cd41a5050c2bb73b319) Importer(815301076,1909f56bfc062723c751e8b465ee728b)  -> (artifact id: '257650c5b7b09c3db1c8939974fa29f5') in 0.093903 seconds
Number of updated asset objects reloaded before import = 0
Number of asset objects unloaded after import = 16
========================================================================
Received Import Request.
  Time since last request: 0.000015 seconds.
  path: Assets/Resources/UI/Items/ride8001.png
  artifactKey: Guid(18c7e59ffd5de7642a538cb45c499eda) Importer(815301076,1909f56bfc062723c751e8b465ee728b)
Start importing Assets/Resources/UI/Items/ride8001.png using Guid(18c7e59ffd5de7642a538cb45c499eda) Importer(815301076,1909f56bfc062723c751e8b465ee728b)  -> (artifact id: 'fdb86e6549eb370e85616525c1b11fda') in 0.029431 seconds
Number of updated asset objects reloaded before import = 0
Number of asset objects unloaded after import = 3
========================================================================
Received Import Request.
  Time since last request: 0.000019 seconds.
  path: Assets/UI/Quest/quest_status_3.png
  artifactKey: Guid(0f68da26c1980324991515b9b3a3af66) Importer(815301076,1909f56bfc062723c751e8b465ee728b)
Start importing Assets/UI/Quest/quest_status_3.png using Guid(0f68da26c1980324991515b9b3a3af66) Importer(815301076,1909f56bfc062723c751e8b465ee728b)  -> (artifact id: '2cef801a73090c45a08f4f7454e78df8') in 0.021251 seconds
Number of updated asset objects reloaded before import = 0
Number of asset objects unloaded after import = 3
========================================================================
Received Import Request.
  Time since last request: 0.000035 seconds.
  path: Assets/UI/Quest/quest_status_4.png
  artifactKey: Guid(320bb9c07596b0f44b07aec8c26612af) Importer(815301076,1909f56bfc062723c751e8b465ee728b)
Start importing Assets/UI/Quest/quest_status_4.png using Guid(320bb9c07596b0f44b07aec8c26612af) Importer(815301076,1909f56bfc062723c751e8b465ee728b)  -> (artifact id: '5661f348dd6508af1770644ad43f44c3') in 0.028193 seconds
Number of updated asset objects reloaded before import = 0
Number of asset objects unloaded after import = 3
========================================================================
Received Import Request.
  Time since last request: 15.501218 seconds.
  path: Assets/UI/Login/panel_login_bg.png
  artifactKey: Guid(d93361caf9c0aa54889efe5dca16225e) Importer(815301076,1909f56bfc062723c751e8b465ee728b)
Start importing Assets/UI/Login/panel_login_bg.png using Guid(d93361caf9c0aa54889efe5dca16225e) Importer(815301076,1909f56bfc062723c751e8b465ee728b)  -> (artifact id: 'd0601b2bc0c45801d671da0f2036b148') in 0.016038 seconds
Number of updated asset objects reloaded before import = 0
Number of asset objects unloaded after import = 3
========================================================================
Received Import Request.
  Time since last request: 46.762470 seconds.
  path: Assets/UI/Login/panel_login_bg.png
  artifactKey: Guid(d93361caf9c0aa54889efe5dca16225e) Importer(815301076,1909f56bfc062723c751e8b465ee728b)
Start importing Assets/UI/Login/panel_login_bg.png using Guid(d93361caf9c0aa54889efe5dca16225e) Importer(815301076,1909f56bfc062723c751e8b465ee728b)  -> (artifact id: '59ff5aac589ede14322061f19e8e654c') in 0.015145 seconds
Number of updated asset objects reloaded before import = 0
Number of asset objects unloaded after import = 3
========================================================================
Received Import Request.
  Time since last request: 96.282939 seconds.
  path: Assets/UI/Login/btn_login.png
  artifactKey: Guid(3f255c392e2f2fb4394c97ac385d20ee) Importer(815301076,1909f56bfc062723c751e8b465ee728b)
Start importing Assets/UI/Login/btn_login.png using Guid(3f255c392e2f2fb4394c97ac385d20ee) Importer(815301076,1909f56bfc062723c751e8b465ee728b)  -> (artifact id: 'f49c960ff2ac66e404b59d5f4f22497b') in 0.045499 seconds
Number of updated asset objects reloaded before import = 0
Number of asset objects unloaded after import = 3
========================================================================
Received Import Request.
  Time since last request: 59.213977 seconds.
  path: Assets/Resources/UI/Skill/archer_skill_00.png
  artifactKey: Guid(5dc8a4986d4abd14d83b53aa454bef38) Importer(815301076,1909f56bfc062723c751e8b465ee728b)
Start importing Assets/Resources/UI/Skill/archer_skill_00.png using Guid(5dc8a4986d4abd14d83b53aa454bef38) Importer(815301076,1909f56bfc062723c751e8b465ee728b)  -> (artifact id: '3e5175ee93aeb9636bdf32129b3e2c3e') in 0.024067 seconds
Number of updated asset objects reloaded before import = 0
Number of asset objects unloaded after import = 3
========================================================================
Received Import Request.
  Time since last request: 15.805401 seconds.
  path: Assets/Resources/UI/Items/equip1002.png
  artifactKey: Guid(37cf6c8fb06f7224091d646c163c0f63) Importer(815301076,1909f56bfc062723c751e8b465ee728b)
Start importing Assets/Resources/UI/Items/equip1002.png using Guid(37cf6c8fb06f7224091d646c163c0f63) Importer(815301076,1909f56bfc062723c751e8b465ee728b)  -> (artifact id: '8d35dce81caef9b83b6d140a093d39af') in 0.021593 seconds
Number of updated asset objects reloaded before import = 0
Number of asset objects unloaded after import = 3
========================================================================
Received Import Request.
  Time since last request: 0.000013 seconds.
  path: Assets/Resources/UI/Items/equip1004.png
  artifactKey: Guid(e82e22f67b42edc4692a30966bab433c) Importer(815301076,1909f56bfc062723c751e8b465ee728b)
Start importing Assets/Resources/UI/Items/equip1004.png using Guid(e82e22f67b42edc4692a30966bab433c) Importer(815301076,1909f56bfc062723c751e8b465ee728b)  -> (artifact id: '96f61898914d8e1865f0e1420a102c49') in 0.024081 seconds
Number of updated asset objects reloaded before import = 0
Number of asset objects unloaded after import = 3
========================================================================
Received Import Request.
  Time since last request: 0.039952 seconds.
  path: Assets/Resources/UI/Items/equip1005.png
  artifactKey: Guid(d9f672008338ddf44b53d0c1e8736e25) Importer(815301076,1909f56bfc062723c751e8b465ee728b)
Start importing Assets/Resources/UI/Items/equip1005.png using Guid(d9f672008338ddf44b53d0c1e8736e25) Importer(815301076,1909f56bfc062723c751e8b465ee728b)  -> (artifact id: '16a779db8b849be83ccc906037810df9') in 0.021618 seconds
Number of updated asset objects reloaded before import = 0
Number of asset objects unloaded after import = 3
========================================================================
Received Import Request.
  Time since last request: 0.000029 seconds.
  path: Assets/Resources/UI/Items/equip1007.png
  artifactKey: Guid(f100de9695cac054fb76b9ee3eab258b) Importer(815301076,1909f56bfc062723c751e8b465ee728b)
Start importing Assets/Resources/UI/Items/equip1007.png using Guid(f100de9695cac054fb76b9ee3eab258b) Importer(815301076,1909f56bfc062723c751e8b465ee728b)  -> (artifact id: '9926ae65241b963f970a3afb7ac28b5d') in 0.022146 seconds
Number of updated asset objects reloaded before import = 0
Number of asset objects unloaded after import = 3
========================================================================
Received Import Request.
  Time since last request: 0.118904 seconds.
  path: Assets/Resources/UI/Items/equip2001.png
  artifactKey: Guid(dcf0d668a1841ad418b6d9dd92052d34) Importer(815301076,1909f56bfc062723c751e8b465ee728b)
Start importing Assets/Resources/UI/Items/equip2001.png using Guid(dcf0d668a1841ad418b6d9dd92052d34) Importer(815301076,1909f56bfc062723c751e8b465ee728b)  -> (artifact id: 'c571f1202775f9e0b4ce024a3105927d') in 0.019188 seconds
Number of updated asset objects reloaded before import = 0
Number of asset objects unloaded after import = 3
========================================================================
Received Import Request.
  Time since last request: 0.000016 seconds.
  path: Assets/Resources/UI/Items/equip2003.png
  artifactKey: Guid(7eb4df20ccca94c438203bc3aa03f9d1) Importer(815301076,1909f56bfc062723c751e8b465ee728b)
Start importing Assets/Resources/UI/Items/equip2003.png using Guid(7eb4df20ccca94c438203bc3aa03f9d1) Importer(815301076,1909f56bfc062723c751e8b465ee728b)  -> (artifact id: '0a47bb2fff617412b85c306b61f28369') in 0.022541 seconds
Number of updated asset objects reloaded before import = 0
Number of asset objects unloaded after import = 3
========================================================================
Received Import Request.
  Time since last request: 0.011651 seconds.
  path: Assets/Resources/UI/Items/equip2004.png
  artifactKey: Guid(9431b80f3e6800c45820cb4511a3cbb0) Importer(815301076,1909f56bfc062723c751e8b465ee728b)
Start importing Assets/Resources/UI/Items/equip2004.png using Guid(9431b80f3e6800c45820cb4511a3cbb0) Importer(815301076,1909f56bfc062723c751e8b465ee728b)  -> (artifact id: 'a69e291153747ec1b901e934ef6bfd6d') in 0.024377 seconds
Number of updated asset objects reloaded before import = 0
Number of asset objects unloaded after import = 3
========================================================================
Received Import Request.
  Time since last request: 0.000037 seconds.
  path: Assets/Resources/UI/Items/equip2006.png
  artifactKey: Guid(c978b952e0ee576459b4d2786fc1a329) Importer(815301076,1909f56bfc062723c751e8b465ee728b)
Start importing Assets/Resources/UI/Items/equip2006.png using Guid(c978b952e0ee576459b4d2786fc1a329) Importer(815301076,1909f56bfc062723c751e8b465ee728b)  -> (artifact id: '42b26ae90c55b05ca9bbb6a5936d3116') in 0.022507 seconds
Number of updated asset objects reloaded before import = 0
Number of asset objects unloaded after import = 3
========================================================================
Received Import Request.
  Time since last request: 0.000017 seconds.
  path: Assets/Resources/UI/Items/equip2012.png
  artifactKey: Guid(57ef3e1e156d5604ab34f9a8b99fd1e5) Importer(815301076,1909f56bfc062723c751e8b465ee728b)
Start importing Assets/Resources/UI/Items/equip2012.png using Guid(57ef3e1e156d5604ab34f9a8b99fd1e5) Importer(815301076,1909f56bfc062723c751e8b465ee728b)  -> (artifact id: 'aaabb2e4cce2034aec5a64a2ce432732') in 0.021054 seconds
Number of updated asset objects reloaded before import = 0
Number of asset objects unloaded after import = 3
========================================================================
Received Import Request.
  Time since last request: 0.619484 seconds.
  path: Assets/Resources/UI/Items/equip2013.png
  artifactKey: Guid(48e24280a9b4b594485f171782bb6d09) Importer(815301076,1909f56bfc062723c751e8b465ee728b)
Start importing Assets/Resources/UI/Items/equip2013.png using Guid(48e24280a9b4b594485f171782bb6d09) Importer(815301076,1909f56bfc062723c751e8b465ee728b)  -> (artifact id: 'e254dfb1e4b38c70c29085434bb9203f') in 0.019255 seconds
Number of updated asset objects reloaded before import = 0
Number of asset objects unloaded after import = 3
========================================================================
Received Import Request.
  Time since last request: 0.000018 seconds.
  path: Assets/Resources/UI/Items/equip2017.png
  artifactKey: Guid(bcf0eee6bb254af4bb9f6ee8d9c0cab5) Importer(815301076,1909f56bfc062723c751e8b465ee728b)
Start importing Assets/Resources/UI/Items/equip2017.png using Guid(bcf0eee6bb254af4bb9f6ee8d9c0cab5) Importer(815301076,1909f56bfc062723c751e8b465ee728b)  -> (artifact id: '5f9f102a43b40a049d620995c924d3d9') in 0.021975 seconds
Number of updated asset objects reloaded before import = 0
Number of asset objects unloaded after import = 3
========================================================================
Received Import Request.
  Time since last request: 0.000063 seconds.
  path: Assets/Resources/UI/Items/equip2015.png
  artifactKey: Guid(6e0018928908f6346abb399b8d61e284) Importer(815301076,1909f56bfc062723c751e8b465ee728b)
Start importing Assets/Resources/UI/Items/equip2015.png using Guid(6e0018928908f6346abb399b8d61e284) Importer(815301076,1909f56bfc062723c751e8b465ee728b)  -> (artifact id: 'd80c9a6c363ae8a747437a002c2a4a1d') in 0.023808 seconds
Number of updated asset objects reloaded before import = 0
Number of asset objects unloaded after import = 3
========================================================================
Received Import Request.
  Time since last request: 0.189654 seconds.
  path: Assets/Resources/UI/Items/equip3002.png
  artifactKey: Guid(58f30548348546b47a1f35b999a2dd3e) Importer(815301076,1909f56bfc062723c751e8b465ee728b)
Start importing Assets/Resources/UI/Items/equip3002.png using Guid(58f30548348546b47a1f35b999a2dd3e) Importer(815301076,1909f56bfc062723c751e8b465ee728b)  -> (artifact id: 'c841cebbdcb342a81969bc19b487c8a7') in 0.019723 seconds
Number of updated asset objects reloaded before import = 0
Number of asset objects unloaded after import = 3
========================================================================
Received Import Request.
  Time since last request: 0.000060 seconds.
  path: Assets/Resources/UI/Items/equip3007.png
  artifactKey: Guid(f3118da2a41552b4399bcb9093a48b9b) Importer(815301076,1909f56bfc062723c751e8b465ee728b)
Start importing Assets/Resources/UI/Items/equip3007.png using Guid(f3118da2a41552b4399bcb9093a48b9b) Importer(815301076,1909f56bfc062723c751e8b465ee728b)  -> (artifact id: '802c6f6fa86dbbd199909e326ecd4fa0') in 0.023602 seconds
Number of updated asset objects reloaded before import = 0
Number of asset objects unloaded after import = 3
========================================================================
Received Import Request.
  Time since last request: 0.000038 seconds.
  path: Assets/Resources/UI/Items/equip3005.PNG
  artifactKey: Guid(c9f701f6b7372a1428c16c5c68c2fa5e) Importer(815301076,1909f56bfc062723c751e8b465ee728b)
Start importing Assets/Resources/UI/Items/equip3005.PNG using Guid(c9f701f6b7372a1428c16c5c68c2fa5e) Importer(815301076,1909f56bfc062723c751e8b465ee728b)  -> (artifact id: '76047a304d5be552864930257f5b3690') in 0.023894 seconds
Number of updated asset objects reloaded before import = 0
Number of asset objects unloaded after import = 3
========================================================================
Received Import Request.
  Time since last request: 0.027093 seconds.
  path: Assets/Resources/UI/Items/equip3011.png
  artifactKey: Guid(f938deed8cd188d4bba52408c3ca90bf) Importer(815301076,1909f56bfc062723c751e8b465ee728b)
Start importing Assets/Resources/UI/Items/equip3011.png using Guid(f938deed8cd188d4bba52408c3ca90bf) Importer(815301076,1909f56bfc062723c751e8b465ee728b)  -> (artifact id: 'dcb81688f026d3d9138c4218c563931d') in 0.022686 seconds
Number of updated asset objects reloaded before import = 0
Number of asset objects unloaded after import = 3
========================================================================
Received Import Request.
  Time since last request: 0.000027 seconds.
  path: Assets/Resources/UI/Items/equip3015.png
  artifactKey: Guid(c8335e8822ddf1742954a240506feb6c) Importer(815301076,1909f56bfc062723c751e8b465ee728b)
Start importing Assets/Resources/UI/Items/equip3015.png using Guid(c8335e8822ddf1742954a240506feb6c) Importer(815301076,1909f56bfc062723c751e8b465ee728b)  -> (artifact id: '5054d2eda3e5329fa1a97d9d560c46d4') in 0.022203 seconds
Number of updated asset objects reloaded before import = 0
Number of asset objects unloaded after import = 3
========================================================================
Received Import Request.
  Time since last request: 0.000015 seconds.
  path: Assets/Resources/UI/Items/equip3013.png
  artifactKey: Guid(4eec668e4da392c4ebdb087c93e3d503) Importer(815301076,1909f56bfc062723c751e8b465ee728b)
Start importing Assets/Resources/UI/Items/equip3013.png using Guid(4eec668e4da392c4ebdb087c93e3d503) Importer(815301076,1909f56bfc062723c751e8b465ee728b)  -> (artifact id: 'f0aa84f464cf47cb39cc6e8e87f2dcca') in 0.022672 seconds
Number of updated asset objects reloaded before import = 0
Number of asset objects unloaded after import = 3
========================================================================
Received Import Request.
  Time since last request: 0.836501 seconds.
  path: Assets/Resources/UI/Items/equip3017.png
  artifactKey: Guid(ff141db67c7b48f48bf6a30833df00ab) Importer(815301076,1909f56bfc062723c751e8b465ee728b)
Start importing Assets/Resources/UI/Items/equip3017.png using Guid(ff141db67c7b48f48bf6a30833df00ab) Importer(815301076,1909f56bfc062723c751e8b465ee728b)  -> (artifact id: 'eebb5adc15588e91777ba3e5cb15d0ba') in 0.018102 seconds
Number of updated asset objects reloaded before import = 0
Number of asset objects unloaded after import = 3
========================================================================
Received Import Request.
  Time since last request: 0.000051 seconds.
  path: Assets/UI/Common/fd1.png
  artifactKey: Guid(a32cbf07541337b4abfd9d15478f1c57) Importer(815301076,1909f56bfc062723c751e8b465ee728b)
Start importing Assets/UI/Common/fd1.png using Guid(a32cbf07541337b4abfd9d15478f1c57) Importer(815301076,1909f56bfc062723c751e8b465ee728b)  -> (artifact id: 'c4a310e7ff4a6c9725e779a7aec29f6f') in 0.018088 seconds
Number of updated asset objects reloaded before import = 0
Number of asset objects unloaded after import = 3
========================================================================
Received Import Request.
  Time since last request: 0.098095 seconds.
  path: Assets/UI/Common/fds.png
  artifactKey: Guid(da104fb7df065b445b1d76932cbdea91) Importer(815301076,1909f56bfc062723c751e8b465ee728b)
Start importing Assets/UI/Common/fds.png using Guid(da104fb7df065b445b1d76932cbdea91) Importer(815301076,1909f56bfc062723c751e8b465ee728b)  -> (artifact id: 'a79305e6cce8e8d33b78f194de96f7a0') in 0.019224 seconds
Number of updated asset objects reloaded before import = 0
Number of asset objects unloaded after import = 3
========================================================================
Received Import Request.
  Time since last request: 0.414848 seconds.
  path: Assets/UI/Login/icon_question.png
  artifactKey: Guid(8cb711eb90e1cbc4c9ff94c8640189da) Importer(815301076,1909f56bfc062723c751e8b465ee728b)
Start importing Assets/UI/Login/icon_question.png using Guid(8cb711eb90e1cbc4c9ff94c8640189da) Importer(815301076,1909f56bfc062723c751e8b465ee728b)  -> (artifact id: '102895ba598202e81d382912bb4f090d') in 0.017803 seconds
Number of updated asset objects reloaded before import = 0
Number of asset objects unloaded after import = 3
========================================================================
Received Import Request.
  Time since last request: 0.000015 seconds.
  path: Assets/UI/Common/icon_team_leader.png
  artifactKey: Guid(353adc0dd71f897448e41feee01143af) Importer(815301076,1909f56bfc062723c751e8b465ee728b)
Start importing Assets/UI/Common/icon_team_leader.png using Guid(353adc0dd71f897448e41feee01143af) Importer(815301076,1909f56bfc062723c751e8b465ee728b)  -> (artifact id: '9ee2a3d7f64e69ccc8a23c430ab676fe') in 0.017815 seconds
Number of updated asset objects reloaded before import = 0
Number of asset objects unloaded after import = 3
========================================================================
Received Import Request.
  Time since last request: 0.152585 seconds.
  path: Assets/UI/Icons/item_icon_exp3.png
  artifactKey: Guid(0eab0e762e9bd5f468d56673893ed856) Importer(815301076,1909f56bfc062723c751e8b465ee728b)
Start importing Assets/UI/Icons/item_icon_exp3.png using Guid(0eab0e762e9bd5f468d56673893ed856) Importer(815301076,1909f56bfc062723c751e8b465ee728b)  -> (artifact id: 'fbe1e4931bf097c60f29fbc67543b629') in 0.016952 seconds
Number of updated asset objects reloaded before import = 0
Number of asset objects unloaded after import = 3
========================================================================
Received Import Request.
  Time since last request: 0.309443 seconds.
  path: Assets/UI/Icons/item_icon_posion.png
  artifactKey: Guid(eeb41e8240ff7a64e9650d2ad037f5c0) Importer(815301076,1909f56bfc062723c751e8b465ee728b)
Start importing Assets/UI/Icons/item_icon_posion.png using Guid(eeb41e8240ff7a64e9650d2ad037f5c0) Importer(815301076,1909f56bfc062723c751e8b465ee728b)  -> (artifact id: '239453e2ae4d5bcc3dfee5389fef0059') in 0.017674 seconds
Number of updated asset objects reloaded before import = 0
Number of asset objects unloaded after import = 3
========================================================================
Received Import Request.
  Time since last request: 0.063109 seconds.
  path: Assets/UI/Common/jt.png
  artifactKey: Guid(0e5f73e6b95e01341a7e990b261a650d) Importer(815301076,1909f56bfc062723c751e8b465ee728b)
Start importing Assets/UI/Common/jt.png using Guid(0e5f73e6b95e01341a7e990b261a650d) Importer(815301076,1909f56bfc062723c751e8b465ee728b)  -> (artifact id: '9a90f300f9086a6ad9b1ec8fb6b3fabf') in 0.017349 seconds
Number of updated asset objects reloaded before import = 0
Number of asset objects unloaded after import = 3
========================================================================
Received Import Request.
  Time since last request: 0.066701 seconds.
  path: Assets/UI/loading.jpg
  artifactKey: Guid(789c8338547b5cc4b90522c58bf7bd56) Importer(815301076,1909f56bfc062723c751e8b465ee728b)
Start importing Assets/UI/loading.jpg using Guid(789c8338547b5cc4b90522c58bf7bd56) Importer(815301076,1909f56bfc062723c751e8b465ee728b)  -> (artifact id: '46a0efa276e9d77e23e01dbe9461dc0f') in 0.086667 seconds
Number of updated asset objects reloaded before import = 0
Number of asset objects unloaded after import = 3
========================================================================
Received Import Request.
  Time since last request: 0.081688 seconds.
  path: Assets/UI/Login/login_lb_confirmpass.png
  artifactKey: Guid(a4e08b06157f7df4ca560500273c289e) Importer(815301076,1909f56bfc062723c751e8b465ee728b)
Start importing Assets/UI/Login/login_lb_confirmpass.png using Guid(a4e08b06157f7df4ca560500273c289e) Importer(815301076,1909f56bfc062723c751e8b465ee728b)  -> (artifact id: '8420081ac0265426b4409e8969247e75') in 0.019339 seconds
Number of updated asset objects reloaded before import = 0
Number of asset objects unloaded after import = 3
========================================================================
Received Import Request.
  Time since last request: 0.222298 seconds.
  path: Assets/UI/Login/login_lb_pass.png
  artifactKey: Guid(1ba52a928a7133e4d9be8c50c1918803) Importer(815301076,1909f56bfc062723c751e8b465ee728b)
Start importing Assets/UI/Login/login_lb_pass.png using Guid(1ba52a928a7133e4d9be8c50c1918803) Importer(815301076,1909f56bfc062723c751e8b465ee728b)  -> (artifact id: '11ced7d327ce912e2a668a170ccd5a9e') in 0.018335 seconds
Number of updated asset objects reloaded before import = 0
Number of asset objects unloaded after import = 3
========================================================================
Received Import Request.
  Time since last request: 0.123019 seconds.
  path: Assets/Resources/UI/Minimap/luorisenl.png
  artifactKey: Guid(009816ea3e654cd429fafb43c18473ea) Importer(815301076,1909f56bfc062723c751e8b465ee728b)
Start importing Assets/Resources/UI/Minimap/luorisenl.png using Guid(009816ea3e654cd429fafb43c18473ea) Importer(815301076,1909f56bfc062723c751e8b465ee728b)  -> (artifact id: '0bb046380bfdd8c5925142cc7a32e47f') in 0.042459 seconds
Number of updated asset objects reloaded before import = 0
Number of asset objects unloaded after import = 3
========================================================================
Received Import Request.
  Time since last request: 0.112678 seconds.
  path: Assets/UI/Common/main_chat_btn_active.png
  artifactKey: Guid(bfee66ad0d707a84b897c9a0ba044a67) Importer(815301076,1909f56bfc062723c751e8b465ee728b)
Start importing Assets/UI/Common/main_chat_btn_active.png using Guid(bfee66ad0d707a84b897c9a0ba044a67) Importer(815301076,1909f56bfc062723c751e8b465ee728b)  -> (artifact id: 'ca31de6bfa879f117ed9dbe64ea7d488') in 0.017153 seconds
Number of updated asset objects reloaded before import = 0
Number of asset objects unloaded after import = 3
========================================================================
Received Import Request.
  Time since last request: 0.052682 seconds.
  path: Assets/UI/Common/main_chat_btn_normal.png
  artifactKey: Guid(95ae2d55ff6917e44ad03d13433025d2) Importer(815301076,1909f56bfc062723c751e8b465ee728b)
Start importing Assets/UI/Common/main_chat_btn_normal.png using Guid(95ae2d55ff6917e44ad03d13433025d2) Importer(815301076,1909f56bfc062723c751e8b465ee728b)  -> (artifact id: 'bb8d910413e1fa1e66a846fe67ca824f') in 0.019465 seconds
Number of updated asset objects reloaded before import = 0
Number of asset objects unloaded after import = 3
========================================================================
Received Import Request.
  Time since last request: 0.000018 seconds.
  path: Assets/UI/Common/main_chat_channel_team.png
  artifactKey: Guid(362261b875b87a84b8125dfb9af94b5a) Importer(815301076,1909f56bfc062723c751e8b465ee728b)
Start importing Assets/UI/Common/main_chat_channel_team.png using Guid(362261b875b87a84b8125dfb9af94b5a) Importer(815301076,1909f56bfc062723c751e8b465ee728b)  -> (artifact id: '1d56d7bcab74869b6172a0d23351aacc') in 0.021015 seconds
Number of updated asset objects reloaded before import = 0
Number of asset objects unloaded after import = 3
========================================================================
Received Import Request.
  Time since last request: 0.100654 seconds.
  path: Assets/UI/Common/main_chat_channel_world.png
  artifactKey: Guid(2d06909330fe1d6418900390b5c98cd7) Importer(815301076,1909f56bfc062723c751e8b465ee728b)
Start importing Assets/UI/Common/main_chat_channel_world.png using Guid(2d06909330fe1d6418900390b5c98cd7) Importer(815301076,1909f56bfc062723c751e8b465ee728b)  -> (artifact id: '32235926a9fcad55decc2b7fa49ccc44') in 0.018118 seconds
Number of updated asset objects reloaded before import = 0
Number of asset objects unloaded after import = 3
========================================================================
Received Import Request.
  Time since last request: 0.112144 seconds.
  path: Assets/UI/Common/main_exp_colume.png
  artifactKey: Guid(35afc3e1127342c42b6d240d919520c1) Importer(815301076,1909f56bfc062723c751e8b465ee728b)
Start importing Assets/UI/Common/main_exp_colume.png using Guid(35afc3e1127342c42b6d240d919520c1) Importer(815301076,1909f56bfc062723c751e8b465ee728b)  -> (artifact id: '98bb9648f074c8aa44d0da58a22ecf76') in 0.019817 seconds
Number of updated asset objects reloaded before import = 0
Number of asset objects unloaded after import = 3
========================================================================
Received Import Request.
  Time since last request: 0.338559 seconds.
  path: Assets/UI/Common/main_icon_arena.png
  artifactKey: Guid(5d15cd54bb037d94b8a3b3420362b88d) Importer(815301076,1909f56bfc062723c751e8b465ee728b)
Start importing Assets/UI/Common/main_icon_arena.png using Guid(5d15cd54bb037d94b8a3b3420362b88d) Importer(815301076,1909f56bfc062723c751e8b465ee728b)  -> (artifact id: 'd2e15944ae19baababff3abd66c72b41') in 0.017887 seconds
Number of updated asset objects reloaded before import = 0
Number of asset objects unloaded after import = 3
========================================================================
Received Import Request.
  Time since last request: 0.000016 seconds.
  path: Assets/UI/Common/main_icon_charequip.png
  artifactKey: Guid(87d7dd66cacc09d478e53c447177d27f) Importer(815301076,1909f56bfc062723c751e8b465ee728b)
Start importing Assets/UI/Common/main_icon_charequip.png using Guid(87d7dd66cacc09d478e53c447177d27f) Importer(815301076,1909f56bfc062723c751e8b465ee728b)  -> (artifact id: '60dfd3522d74903f7439c0a03449e4b8') in 0.018057 seconds
Number of updated asset objects reloaded before import = 0
Number of asset objects unloaded after import = 3
========================================================================
Received Import Request.
  Time since last request: 0.048722 seconds.
  path: Assets/UI/Common/main_icon_duild.png
  artifactKey: Guid(c1d3f62d99141c442a6c7e1e4d604993) Importer(815301076,1909f56bfc062723c751e8b465ee728b)
Start importing Assets/UI/Common/main_icon_duild.png using Guid(c1d3f62d99141c442a6c7e1e4d604993) Importer(815301076,1909f56bfc062723c751e8b465ee728b)  -> (artifact id: '79909c0dbcf5094c8bed3fa38c41ecc5') in 0.019562 seconds
Number of updated asset objects reloaded before import = 0
Number of asset objects unloaded after import = 3
========================================================================
Received Import Request.
  Time since last request: 0.102397 seconds.
  path: Assets/UI/Common/main_icon_setting.png
  artifactKey: Guid(bc9e8939f6829e54b82a54b2cf34dd99) Importer(815301076,1909f56bfc062723c751e8b465ee728b)
Start importing Assets/UI/Common/main_icon_setting.png using Guid(bc9e8939f6829e54b82a54b2cf34dd99) Importer(815301076,1909f56bfc062723c751e8b465ee728b)  -> (artifact id: '1b61de61eff2e33f47aefbde15d9d326') in 0.020305 seconds
Number of updated asset objects reloaded before import = 0
Number of asset objects unloaded after import = 3
========================================================================
Received Import Request.
  Time since last request: 0.061771 seconds.
  path: Assets/UI/Common/main_minimap_mask.png
  artifactKey: Guid(a0d00e3eed6782248b492eeedd1677c2) Importer(815301076,1909f56bfc062723c751e8b465ee728b)
Start importing Assets/UI/Common/main_minimap_mask.png using Guid(a0d00e3eed6782248b492eeedd1677c2) Importer(815301076,1909f56bfc062723c751e8b465ee728b)  -> (artifact id: 'f2bbe62ac29de84cb9d5a576618221e9') in 0.021723 seconds
Number of updated asset objects reloaded before import = 0
Number of asset objects unloaded after import = 3
========================================================================
Received Import Request.
  Time since last request: 0.053263 seconds.
  path: Assets/UI/Common/main_scroll_bar.png
  artifactKey: Guid(7d5e8cb04ff31b94492a9e0fdb64426c) Importer(815301076,1909f56bfc062723c751e8b465ee728b)
Start importing Assets/UI/Common/main_scroll_bar.png using Guid(7d5e8cb04ff31b94492a9e0fdb64426c) Importer(815301076,1909f56bfc062723c751e8b465ee728b)  -> (artifact id: 'ca89cccd87208555d1cc7c6ffa8f6108') in 0.021070 seconds
Number of updated asset objects reloaded before import = 0
Number of asset objects unloaded after import = 3
========================================================================
Received Import Request.
  Time since last request: 0.000072 seconds.
  path: Assets/Resources/UI/Items/mbao.png
  artifactKey: Guid(5c4f848beb18e5f42bf7c1e35c491b18) Importer(815301076,1909f56bfc062723c751e8b465ee728b)
Start importing Assets/Resources/UI/Items/mbao.png using Guid(5c4f848beb18e5f42bf7c1e35c491b18) Importer(815301076,1909f56bfc062723c751e8b465ee728b)  -> (artifact id: 'bee968e3a27f0324dd1a07c6f7a8949b') in 0.021348 seconds
Number of updated asset objects reloaded before import = 0
Number of asset objects unloaded after import = 3
========================================================================
Received Import Request.
  Time since last request: 0.000056 seconds.
  path: Assets/UI/Common/main_shortcut_btn.png
  artifactKey: Guid(8d8af6cf9fa45df4faad977495be1fd3) Importer(815301076,1909f56bfc062723c751e8b465ee728b)
Start importing Assets/UI/Common/main_shortcut_btn.png using Guid(8d8af6cf9fa45df4faad977495be1fd3) Importer(815301076,1909f56bfc062723c751e8b465ee728b)  -> (artifact id: '8d3e7166e5348993482e447fc0e6f0fa') in 0.023588 seconds
Number of updated asset objects reloaded before import = 0
Number of asset objects unloaded after import = 3
========================================================================
Received Import Request.
  Time since last request: 1.197181 seconds.
  path: Assets/Resources/UI/Items/ride8002.png
  artifactKey: Guid(970cdaec106e64846a5d4457f925b596) Importer(815301076,1909f56bfc062723c751e8b465ee728b)
Start importing Assets/Resources/UI/Items/ride8002.png using Guid(970cdaec106e64846a5d4457f925b596) Importer(815301076,1909f56bfc062723c751e8b465ee728b)  -> (artifact id: 'be7f532e4609ea3cbcd04ccb357884db') in 0.021026 seconds
Number of updated asset objects reloaded before import = 0
Number of asset objects unloaded after import = 3
========================================================================
Received Import Request.
  Time since last request: 0.000184 seconds.
  path: Assets/UI/start_up_01_txt.png
  artifactKey: Guid(592c001fb3e4c1f43bdcf5ece7793257) Importer(815301076,1909f56bfc062723c751e8b465ee728b)
Start importing Assets/UI/start_up_01_txt.png using Guid(592c001fb3e4c1f43bdcf5ece7793257) Importer(815301076,1909f56bfc062723c751e8b465ee728b)  -> (artifact id: '5e4cbf7550c5af9324f6b9252f5aaa9b') in 0.021752 seconds
Number of updated asset objects reloaded before import = 0
Number of asset objects unloaded after import = 3
========================================================================
Received Import Request.
  Time since last request: 9.770165 seconds.
  path: Assets/UI/Login/y.png
  artifactKey: Guid(f477fdbc10739524ca4bfda2d18a36e1) Importer(815301076,1909f56bfc062723c751e8b465ee728b)
Start importing Assets/UI/Login/y.png using Guid(f477fdbc10739524ca4bfda2d18a36e1) Importer(815301076,1909f56bfc062723c751e8b465ee728b)  -> (artifact id: '0babca2020e3222f5ebeb41bceaafc6d') in 0.022646 seconds
Number of updated asset objects reloaded before import = 0
Number of asset objects unloaded after import = 3
========================================================================
Received Import Request.
  Time since last request: 369.147923 seconds.
  path: Assets/Resources/UI/Skill/archer_skill_01.png
  artifactKey: Guid(892de48990160394188631e3bdb0846c) Importer(815301076,1909f56bfc062723c751e8b465ee728b)
Start importing Assets/Resources/UI/Skill/archer_skill_01.png using Guid(892de48990160394188631e3bdb0846c) Importer(815301076,1909f56bfc062723c751e8b465ee728b)  -> (artifact id: '8c6080bc68999d38fa5e6f5cbf9f9f51') in 0.022396 seconds
Number of updated asset objects reloaded before import = 0
Number of asset objects unloaded after import = 3
========================================================================
Received Import Request.
  Time since last request: 0.000016 seconds.
  path: Assets/Resources/UI/Skill/archer_skill_03.png
  artifactKey: Guid(8e58c8b54c6607342a538c47b0c520ef) Importer(815301076,1909f56bfc062723c751e8b465ee728b)
Start importing Assets/Resources/UI/Skill/archer_skill_03.png using Guid(8e58c8b54c6607342a538c47b0c520ef) Importer(815301076,1909f56bfc062723c751e8b465ee728b)  -> (artifact id: 'af56d6850b405e23ddae3a9b25ec9ff6') in 0.021550 seconds
Number of updated asset objects reloaded before import = 0
Number of asset objects unloaded after import = 3
========================================================================
Received Import Request.
  Time since last request: 230.580898 seconds.
  path: Assets/Scripts/UI/UITeam
  artifactKey: Guid(813c4144bd149994aaa8af22cf1f604e) Importer(815301076,1909f56bfc062723c751e8b465ee728b)
Start importing Assets/Scripts/UI/UITeam using Guid(813c4144bd149994aaa8af22cf1f604e) Importer(815301076,1909f56bfc062723c751e8b465ee728b)  -> (artifact id: '9f6c82bd924331a4df52a8f4a526afc4') in 0.000566 seconds
Number of updated asset objects reloaded before import = 0
Number of asset objects unloaded after import = 0
========================================================================
Received Import Request.
  Time since last request: 1489.997670 seconds.
  path: Assets/Scripts/UI/UISkill/UISkillSlot.cs
  artifactKey: Guid(04f28e082a253a94286dd2aa0a68dc99) Importer(815301076,1909f56bfc062723c751e8b465ee728b)
Start importing Assets/Scripts/UI/UISkill/UISkillSlot.cs using Guid(04f28e082a253a94286dd2aa0a68dc99) Importer(815301076,1909f56bfc062723c751e8b465ee728b)  -> (artifact id: '9bef1028bc9de277b0165e0e9f9b95d7') in 0.000762 seconds
Number of updated asset objects reloaded before import = 0
Number of asset objects unloaded after import = 0
========================================================================
Received Import Request.
  Time since last request: 7.887703 seconds.
  path: Assets/Scripts/UI/UISkill/UISkillSlots.cs
  artifactKey: Guid(04f28e082a253a94286dd2aa0a68dc99) Importer(815301076,1909f56bfc062723c751e8b465ee728b)
Start importing Assets/Scripts/UI/UISkill/UISkillSlots.cs using Guid(04f28e082a253a94286dd2aa0a68dc99) Importer(815301076,1909f56bfc062723c751e8b465ee728b)  -> (artifact id: 'c560058ab030b859273ef35236069c3b') in 0.000601 seconds
Number of updated asset objects reloaded before import = 0
Number of asset objects unloaded after import = 0
========================================================================
Received Import Request.
  Time since last request: 28.000142 seconds.
  path: Assets/Scripts/UI/UISkill/UISkillSlot.cs
  artifactKey: Guid(c75725702ba91e9408a98e45545c1f39) Importer(815301076,1909f56bfc062723c751e8b465ee728b)
Start importing Assets/Scripts/UI/UISkill/UISkillSlot.cs using Guid(c75725702ba91e9408a98e45545c1f39) Importer(815301076,1909f56bfc062723c751e8b465ee728b)  -> (artifact id: '592c671739de9ab333a0c9eb3793e7a3') in 0.001296 seconds
Number of updated asset objects reloaded before import = 0
Number of asset objects unloaded after import = 0
========================================================================
Received Import Request.
  Time since last request: 223.808232 seconds.
  path: Assets/Scripts/UI/UISkill/UISkillSlot.cs
  artifactKey: Guid(c75725702ba91e9408a98e45545c1f39) Importer(815301076,1909f56bfc062723c751e8b465ee728b)
Start importing Assets/Scripts/UI/UISkill/UISkillSlot.cs using Guid(c75725702ba91e9408a98e45545c1f39) Importer(815301076,1909f56bfc062723c751e8b465ee728b)  -> (artifact id: '0296ee233fd5e6317788e0ffa2b93714') in 0.000691 seconds
Number of updated asset objects reloaded before import = 0
Number of asset objects unloaded after import = 0
========================================================================
Received Import Request.
  Time since last request: 165.558017 seconds.
  path: Assets/Scripts/UI/UISkill/UISkillSlot.cs
  artifactKey: Guid(c75725702ba91e9408a98e45545c1f39) Importer(815301076,1909f56bfc062723c751e8b465ee728b)
Start importing Assets/Scripts/UI/UISkill/UISkillSlot.cs using Guid(c75725702ba91e9408a98e45545c1f39) Importer(815301076,1909f56bfc062723c751e8b465ee728b)  -> (artifact id: '3990b589cb9af1c69fb966aa1716623e') in 0.000615 seconds
Number of updated asset objects reloaded before import = 0
Number of asset objects unloaded after import = 0
========================================================================
Received Import Request.
  Time since last request: 32.735981 seconds.
  path: Assets/Scripts/UI/UISkill/UISkillSlot.cs
  artifactKey: Guid(c75725702ba91e9408a98e45545c1f39) Importer(815301076,1909f56bfc062723c751e8b465ee728b)
Start importing Assets/Scripts/UI/UISkill/UISkillSlot.cs using Guid(c75725702ba91e9408a98e45545c1f39) Importer(815301076,1909f56bfc062723c751e8b465ee728b)  -> (artifact id: '2e45d27864f119853cbbdb501ab8d4ad') in 0.000618 seconds
Number of updated asset objects reloaded before import = 0
Number of asset objects unloaded after import = 0
========================================================================
Received Import Request.
  Time since last request: 138.331020 seconds.
  path: Assets/Scripts/UI/UISkill/UISkillSlot.cs
  artifactKey: Guid(c75725702ba91e9408a98e45545c1f39) Importer(815301076,1909f56bfc062723c751e8b465ee728b)
Start importing Assets/Scripts/UI/UISkill/UISkillSlot.cs using Guid(c75725702ba91e9408a98e45545c1f39) Importer(815301076,1909f56bfc062723c751e8b465ee728b)  -> (artifact id: '3e1bb23252f14818e1143a3c79330f4e') in 0.000838 seconds
Number of updated asset objects reloaded before import = 0
Number of asset objects unloaded after import = 0
========================================================================
Received Import Request.
  Time since last request: 66.500524 seconds.
  path: Assets/Scripts/UI/UISkill/UISkillSlot.cs
  artifactKey: Guid(c75725702ba91e9408a98e45545c1f39) Importer(815301076,1909f56bfc062723c751e8b465ee728b)
Start importing Assets/Scripts/UI/UISkill/UISkillSlot.cs using Guid(c75725702ba91e9408a98e45545c1f39) Importer(815301076,1909f56bfc062723c751e8b465ee728b)  -> (artifact id: 'fe22a5ec7609cb94e90cdc7f00ae4200') in 0.000660 seconds
Number of updated asset objects reloaded before import = 0
Number of asset objects unloaded after import = 0
========================================================================
Received Import Request.
  Time since last request: 4.347230 seconds.
  path: Assets/Scripts/UI/UISkill/UISkillSlot.cs
  artifactKey: Guid(c75725702ba91e9408a98e45545c1f39) Importer(815301076,1909f56bfc062723c751e8b465ee728b)
Start importing Assets/Scripts/UI/UISkill/UISkillSlot.cs using Guid(c75725702ba91e9408a98e45545c1f39) Importer(815301076,1909f56bfc062723c751e8b465ee728b)  -> (artifact id: '1d7c6e8e5402ccbd81aeb4237639f185') in 0.000615 seconds
Number of updated asset objects reloaded before import = 0
Number of asset objects unloaded after import = 0
========================================================================
Received Import Request.
  Time since last request: 123.095461 seconds.
  path: Assets/Scripts/UI/UISkill/UISkillSlot.cs
  artifactKey: Guid(c75725702ba91e9408a98e45545c1f39) Importer(815301076,1909f56bfc062723c751e8b465ee728b)
Start importing Assets/Scripts/UI/UISkill/UISkillSlot.cs using Guid(c75725702ba91e9408a98e45545c1f39) Importer(815301076,1909f56bfc062723c751e8b465ee728b)  -> (artifact id: '0a02ccb9d310c91ab62f1416505476a5') in 0.000698 seconds
Number of updated asset objects reloaded before import = 0
Number of asset objects unloaded after import = 0
========================================================================
Received Import Request.
  Time since last request: 33.339601 seconds.
  path: Assets/Scripts/UI/UISkill/UISkillSlot.cs
  artifactKey: Guid(c75725702ba91e9408a98e45545c1f39) Importer(815301076,1909f56bfc062723c751e8b465ee728b)
Start importing Assets/Scripts/UI/UISkill/UISkillSlot.cs using Guid(c75725702ba91e9408a98e45545c1f39) Importer(815301076,1909f56bfc062723c751e8b465ee728b)  -> (artifact id: '19bb7284a81e928e6a28b755bbe932fb') in 0.000707 seconds
Number of updated asset objects reloaded before import = 0
Number of asset objects unloaded after import = 0
========================================================================
Received Import Request.
  Time since last request: 87.605955 seconds.
  path: Assets/Scripts/UI/UISkill/UISkillSlot.cs
  artifactKey: Guid(c75725702ba91e9408a98e45545c1f39) Importer(815301076,1909f56bfc062723c751e8b465ee728b)
Start importing Assets/Scripts/UI/UISkill/UISkillSlot.cs using Guid(c75725702ba91e9408a98e45545c1f39) Importer(815301076,1909f56bfc062723c751e8b465ee728b)  -> (artifact id: '00000000000000000000000000000000') in 0.000799 seconds
Import Error Code:(4)
Message: Build asset version error: assets/scripts/ui/uiskill/uiskillslot.cs in SourceAssetDB has modification time of '2024-02-20T07:41:53.3991825Z' while content on disk has modification time of '2024-02-20T07:41:53.5515489Z'
  ERROR: Build asset version error: assets/scripts/ui/uiskill/uiskillslot.cs in SourceAssetDB has modification time of '2024-02-20T07:41:53.3991825Z' while content on disk has modification time of '2024-02-20T07:41:53.5515489Z'
Number of updated asset objects reloaded before import = 0
Number of asset objects unloaded after import = 0
========================================================================
Received Import Request.
  Time since last request: 0.025770 seconds.
  path: Assets/Scripts/UI/UISkill/UISkillSlot.cs
  artifactKey: Guid(c75725702ba91e9408a98e45545c1f39) Importer(815301076,1909f56bfc062723c751e8b465ee728b)
Start importing Assets/Scripts/UI/UISkill/UISkillSlot.cs using Guid(c75725702ba91e9408a98e45545c1f39) Importer(815301076,1909f56bfc062723c751e8b465ee728b)  -> (artifact id: '00000000000000000000000000000000') in 0.000597 seconds
Import Error Code:(4)
Message: Build asset version error: assets/scripts/ui/uiskill/uiskillslot.cs in SourceAssetDB has modification time of '2024-02-20T07:41:53.3991825Z' while content on disk has modification time of '2024-02-20T07:41:53.5515489Z'
  ERROR: Build asset version error: assets/scripts/ui/uiskill/uiskillslot.cs in SourceAssetDB has modification time of '2024-02-20T07:41:53.3991825Z' while content on disk has modification time of '2024-02-20T07:41:53.5515489Z'
Number of updated asset objects reloaded before import = 0
Number of asset objects unloaded after import = 0
========================================================================
Received Import Request.
  Time since last request: 0.034966 seconds.
  path: Assets/Scripts/UI/UISkill/UISkillSlot.cs
  artifactKey: Guid(c75725702ba91e9408a98e45545c1f39) Importer(815301076,1909f56bfc062723c751e8b465ee728b)
Start importing Assets/Scripts/UI/UISkill/UISkillSlot.cs using Guid(c75725702ba91e9408a98e45545c1f39) Importer(815301076,1909f56bfc062723c751e8b465ee728b)  -> (artifact id: 'a4a9c204f59fb24da4a800e23ee76492') in 0.000586 seconds
Number of updated asset objects reloaded before import = 0
Number of asset objects unloaded after import = 0
========================================================================
Received Import Request.
  Time since last request: 76.918045 seconds.
  path: Assets/Scripts/UI/UISkill/UISkillSlot.cs
  artifactKey: Guid(c75725702ba91e9408a98e45545c1f39) Importer(815301076,1909f56bfc062723c751e8b465ee728b)
Start importing Assets/Scripts/UI/UISkill/UISkillSlot.cs using Guid(c75725702ba91e9408a98e45545c1f39) Importer(815301076,1909f56bfc062723c751e8b465ee728b)  -> (artifact id: '069d2c9ff90441672d076d52ccb624ad') in 0.000611 seconds
Number of updated asset objects reloaded before import = 0
Number of asset objects unloaded after import = 0
========================================================================
Received Import Request.
  Time since last request: 13.847123 seconds.
  path: Assets/Scripts/UI/UISkill/UISkillSlot.cs
  artifactKey: Guid(c75725702ba91e9408a98e45545c1f39) Importer(815301076,1909f56bfc062723c751e8b465ee728b)
Start importing Assets/Scripts/UI/UISkill/UISkillSlot.cs using Guid(c75725702ba91e9408a98e45545c1f39) Importer(815301076,1909f56bfc062723c751e8b465ee728b)  -> (artifact id: '91d6639a1049dfe9d9f133fc4d910901') in 0.000628 seconds
Number of updated asset objects reloaded before import = 0
Number of asset objects unloaded after import = 0
========================================================================
Received Import Request.
  Time since last request: 14.245385 seconds.
  path: Assets/Scripts/UI/UISkill/UISkillSlot.cs
  artifactKey: Guid(c75725702ba91e9408a98e45545c1f39) Importer(815301076,1909f56bfc062723c751e8b465ee728b)
Start importing Assets/Scripts/UI/UISkill/UISkillSlot.cs using Guid(c75725702ba91e9408a98e45545c1f39) Importer(815301076,1909f56bfc062723c751e8b465ee728b)  -> (artifact id: '484fc51c7f2e8ac2990d0059a16d292d') in 0.000655 seconds
Number of updated asset objects reloaded before import = 0
Number of asset objects unloaded after import = 0
========================================================================
Received Import Request.
  Time since last request: 350.146472 seconds.
  path: Assets/Scripts/UI/UISkill/UISkillSlot.cs
  artifactKey: Guid(c75725702ba91e9408a98e45545c1f39) Importer(815301076,1909f56bfc062723c751e8b465ee728b)
Start importing Assets/Scripts/UI/UISkill/UISkillSlot.cs using Guid(c75725702ba91e9408a98e45545c1f39) Importer(815301076,1909f56bfc062723c751e8b465ee728b)  -> (artifact id: '00000000000000000000000000000000') in 0.000654 seconds
Import Error Code:(4)
Message: Build asset version error: assets/scripts/ui/uiskill/uiskillslot.cs in SourceAssetDB has modification time of '2024-02-20T07:49:28.5341706Z' while content on disk has modification time of '2024-02-20T07:49:28.7410799Z'
  ERROR: Build asset version error: assets/scripts/ui/uiskill/uiskillslot.cs in SourceAssetDB has modification time of '2024-02-20T07:49:28.5341706Z' while content on disk has modification time of '2024-02-20T07:49:28.7410799Z'
Number of updated asset objects reloaded before import = 0
Number of asset objects unloaded after import = 0
========================================================================
Received Import Request.
  Time since last request: 0.030640 seconds.
  path: Assets/Scripts/UI/UISkill/UISkillSlot.cs
  artifactKey: Guid(c75725702ba91e9408a98e45545c1f39) Importer(815301076,1909f56bfc062723c751e8b465ee728b)
Start importing Assets/Scripts/UI/UISkill/UISkillSlot.cs using Guid(c75725702ba91e9408a98e45545c1f39) Importer(815301076,1909f56bfc062723c751e8b465ee728b)  -> (artifact id: '00000000000000000000000000000000') in 0.000526 seconds
Import Error Code:(4)
Message: Build asset version error: assets/scripts/ui/uiskill/uiskillslot.cs in SourceAssetDB has modification time of '2024-02-20T07:49:28.5341706Z' while content on disk has modification time of '2024-02-20T07:49:28.7410799Z'
  ERROR: Build asset version error: assets/scripts/ui/uiskill/uiskillslot.cs in SourceAssetDB has modification time of '2024-02-20T07:49:28.5341706Z' while content on disk has modification time of '2024-02-20T07:49:28.7410799Z'
Number of updated asset objects reloaded before import = 0
Number of asset objects unloaded after import = 0
========================================================================
Received Import Request.
  Time since last request: 0.030593 seconds.
  path: Assets/Scripts/UI/UISkill/UISkillSlot.cs
  artifactKey: Guid(c75725702ba91e9408a98e45545c1f39) Importer(815301076,1909f56bfc062723c751e8b465ee728b)
Start importing Assets/Scripts/UI/UISkill/UISkillSlot.cs using Guid(c75725702ba91e9408a98e45545c1f39) Importer(815301076,1909f56bfc062723c751e8b465ee728b)  -> (artifact id: '16be760dd5850baa7ed176c20509168d') in 0.000575 seconds
Number of updated asset objects reloaded before import = 0
Number of asset objects unloaded after import = 0
========================================================================
Received Prepare
Begin MonoManager ReloadAssembly
Duplicate assembly 'log4net.dll' with different versions detected, using 'Assets/References/log4net.dll, AssemblyName=log4net, Version=2.0.8.0, Culture=neutral, PublicKeyToken=null' and ignoring 'Packages/com.unity.collab-proxy/Lib/Editor/PlasticSCM/log4netPlastic.dll, AssemblyName=log4net, Version=1.2.15.0, Culture=neutral, PublicKeyToken=669e0ddf0bb1aa2a'.Duplicate assembly 'Newtonsoft.Json.dll' with different versions detected, using 'Packages/com.unity.nuget.newtonsoft-json/Runtime/Newtonsoft.Json.dll, AssemblyName=Newtonsoft.Json, Version=13.0.0.0, Culture=neutral, PublicKeyToken=30ad4fe6b2a6aeed' and ignoring 'Assets/JsonDotNet/Assemblies/Standalone/Newtonsoft.Json.dll, AssemblyName=Newtonsoft.Json, Version=8.0.0.0, Culture=neutral, PublicKeyToken=null'.Symbol file LoadedFromMemory is not a mono symbol file
Symbol file LoadedFromMemory is not a mono symbol file
Symbol file LoadedFromMemory is not a mono symbol file
- Loaded All Assemblies, in  4.262 seconds
Refreshing native plugins compatible for Editor in 16.79 ms, found 2 plugins.
Native extension for WindowsStandalone target not found
Native extension for WebGL target not found
[Package Manager] Server::EnsureServerProcessIsRunning -- launch failed, reason: Unity was launched with the -noUpm command-line argument
[Package Manager] UpmClient::Send -- Unable to send message (not connected to UPM process).
[Package Manager] Cannot connect to Unity Package Manager local server
Mono: successfully reloaded assembly
- Finished resetting the current domain, in  2.133 seconds
Domain Reload Profiling: 6388ms
	BeginReloadAssembly (817ms)
		ExecutionOrderSort (0ms)
		DisableScriptedObjects (95ms)
		BackupInstance (0ms)
		ReleaseScriptingObjects (1ms)
		CreateAndSetChildDomain (444ms)
	RebuildCommonClasses (35ms)
	RebuildNativeTypeToScriptingClass (9ms)
	initialDomainReloadingComplete (43ms)
	LoadAllAssembliesAndSetupDomain (3350ms)
		LoadAssemblies (3382ms)
		RebuildTransferFunctionScriptingTraits (0ms)
		AnalyzeDomain (122ms)
			TypeCache.Refresh (93ms)
				TypeCache.ScanAssembly (61ms)
			ScanForSourceGeneratedMonoScriptInfo (22ms)
			ResolveRequiredComponents (6ms)
	FinalizeReload (2134ms)
		ReleaseScriptCaches (0ms)
		RebuildScriptCaches (0ms)
		SetupLoadedEditorAssemblies (1559ms)
			LogAssemblyErrors (0ms)
			InitializePlatformSupportModulesInManaged (16ms)
			SetLoadedEditorAssemblies (8ms)
			RefreshPlugins (0ms)
			BeforeProcessingInitializeOnLoad (119ms)
			ProcessInitializeOnLoadAttributes (1287ms)
			ProcessInitializeOnLoadMethodAttributes (118ms)
			AfterProcessingInitializeOnLoad (11ms)
			EditorAssembliesLoaded (0ms)
		ExecutionOrderSort2 (0ms)
		AwakeInstancesAfterBackupRestoration (10ms)
Refreshing native plugins compatible for Editor in 15.17 ms, found 2 plugins.
Preloading 0 native plugins for Editor in 0.00 ms.
Unloading 2673 Unused Serialized files (Serialized files now loaded: 0)
Unloading 57 unused Assets / (47.3 KB). Loaded Objects now: 3252.
Memory consumption went from 116.9 MB to 116.9 MB.
Total: 14.977700 ms (FindLiveObjects: 0.215700 ms CreateObjectMapping: 0.137800 ms MarkObjects: 14.274800 ms  DeleteObjects: 0.347800 ms)

Prepare: number of updated asset objects reloaded= 0
AssetImportParameters requested are different than current active one (requested -> active):
  custom:video-decoder-webm-vp8: 9c59270c3fd7afecdb556c50c9e8de78 -> 
  custom:SearchIndexIgnoredProperties: e643bd26f0fe6173181afceb89e7c659 -> 
  custom:container-demuxer-ogg: 62fdf1f143b41e24485cea50d1cbac27 -> 
  custom:AudioImporter_EditorPlatform: d09bf68614088b80899f8185d706f6e7 -> 
  custom:video-decoder-ogg-theora: a1e56fd34408186e4bbccfd4996cb3dc -> 
  custom:framework-win-MediaFoundation: 216162199b28c13a410421893ffa2e32 -> 
  custom:video-encoder-webm-vp8: eb34c28f22e8b96e1ab97ce403110664 -> 
  custom:audio-decoder-ogg-vorbis: bf7c407c2cedff20999df2af8eb42d56 -> 
  custom:CustomObjectIndexerAttribute: 756ad292c208cfabdd7b50bc23989ffe -> 
  custom:container-demuxer-webm: 4f35f7cbe854078d1ac9338744f61a02 -> 
  custom:audio-encoder-webm-vorbis: bf7c407c2cedff20999df2af8eb42d56 -> 
  custom:container-muxer-webm: aa71ff27fc2769a1b78a27578f13a17b -> 
========================================================================
Received Import Request.
  Time since last request: 4304.578130 seconds.
  path: Assets/Scripts/UI/UISkill/UISkillItem.cs
  artifactKey: Guid(0bbd02a9001d40d4791fdb2a38c5afa9) Importer(815301076,1909f56bfc062723c751e8b465ee728b)
Start importing Assets/Scripts/UI/UISkill/UISkillItem.cs using Guid(0bbd02a9001d40d4791fdb2a38c5afa9) Importer(815301076,1909f56bfc062723c751e8b465ee728b)  -> (artifact id: '38e72e78d989be852ff15c21c9435cc1') in 0.022840 seconds
Number of updated asset objects reloaded before import = 0
Number of asset objects unloaded after import = 0
========================================================================
Received Import Request.
  Time since last request: 16.041724 seconds.
  path: Assets/Scripts/UI/UISkill/UISkillItem.cs
  artifactKey: Guid(0bbd02a9001d40d4791fdb2a38c5afa9) Importer(815301076,1909f56bfc062723c751e8b465ee728b)
Start importing Assets/Scripts/UI/UISkill/UISkillItem.cs using Guid(0bbd02a9001d40d4791fdb2a38c5afa9) Importer(815301076,1909f56bfc062723c751e8b465ee728b)  -> (artifact id: 'b1bb03a640e58817c8ef57f6a7d506d0') in 0.000689 seconds
Number of updated asset objects reloaded before import = 0
Number of asset objects unloaded after import = 0
========================================================================
Received Import Request.
  Time since last request: 8.573906 seconds.
  path: Assets/Scripts/UI/UISkill/UISkillItem.cs
  artifactKey: Guid(0bbd02a9001d40d4791fdb2a38c5afa9) Importer(815301076,1909f56bfc062723c751e8b465ee728b)
Start importing Assets/Scripts/UI/UISkill/UISkillItem.cs using Guid(0bbd02a9001d40d4791fdb2a38c5afa9) Importer(815301076,1909f56bfc062723c751e8b465ee728b)  -> (artifact id: '00000000000000000000000000000000') in 0.000549 seconds
Import Error Code:(4)
Message: Build asset version error: assets/scripts/ui/uiskill/uiskillitem.cs in SourceAssetDB has modification time of '2024-02-20T09:01:37.8185779Z' while content on disk has modification time of '2024-02-20T09:01:38.030149Z'
  ERROR: Build asset version error: assets/scripts/ui/uiskill/uiskillitem.cs in SourceAssetDB has modification time of '2024-02-20T09:01:37.8185779Z' while content on disk has modification time of '2024-02-20T09:01:38.030149Z'
Number of updated asset objects reloaded before import = 0
Number of asset objects unloaded after import = 0
========================================================================
Received Import Request.
  Time since last request: 0.025898 seconds.
  path: Assets/Scripts/UI/UISkill/UISkillItem.cs
  artifactKey: Guid(0bbd02a9001d40d4791fdb2a38c5afa9) Importer(815301076,1909f56bfc062723c751e8b465ee728b)
Start importing Assets/Scripts/UI/UISkill/UISkillItem.cs using Guid(0bbd02a9001d40d4791fdb2a38c5afa9) Importer(815301076,1909f56bfc062723c751e8b465ee728b)  -> (artifact id: '00000000000000000000000000000000') in 0.000647 seconds
Import Error Code:(4)
Message: Build asset version error: assets/scripts/ui/uiskill/uiskillitem.cs in SourceAssetDB has modification time of '2024-02-20T09:01:37.8185779Z' while content on disk has modification time of '2024-02-20T09:01:38.030149Z'
  ERROR: Build asset version error: assets/scripts/ui/uiskill/uiskillitem.cs in SourceAssetDB has modification time of '2024-02-20T09:01:37.8185779Z' while content on disk has modification time of '2024-02-20T09:01:38.030149Z'
Number of updated asset objects reloaded before import = 0
Number of asset objects unloaded after import = 0
========================================================================
Received Import Request.
  Time since last request: 0.033060 seconds.
  path: Assets/Scripts/UI/UISkill/UISkillItem.cs
  artifactKey: Guid(0bbd02a9001d40d4791fdb2a38c5afa9) Importer(815301076,1909f56bfc062723c751e8b465ee728b)
Start importing Assets/Scripts/UI/UISkill/UISkillItem.cs using Guid(0bbd02a9001d40d4791fdb2a38c5afa9) Importer(815301076,1909f56bfc062723c751e8b465ee728b)  -> (artifact id: '69b7eada9f634afa1eb659cbd84a3fd6') in 0.000631 seconds
Number of updated asset objects reloaded before import = 0
Number of asset objects unloaded after import = 0
========================================================================
Received Prepare
Begin MonoManager ReloadAssembly
Duplicate assembly 'log4net.dll' with different versions detected, using 'Assets/References/log4net.dll, AssemblyName=log4net, Version=2.0.8.0, Culture=neutral, PublicKeyToken=null' and ignoring 'Packages/com.unity.collab-proxy/Lib/Editor/PlasticSCM/log4netPlastic.dll, AssemblyName=log4net, Version=1.2.15.0, Culture=neutral, PublicKeyToken=669e0ddf0bb1aa2a'.Duplicate assembly 'Newtonsoft.Json.dll' with different versions detected, using 'Packages/com.unity.nuget.newtonsoft-json/Runtime/Newtonsoft.Json.dll, AssemblyName=Newtonsoft.Json, Version=13.0.0.0, Culture=neutral, PublicKeyToken=30ad4fe6b2a6aeed' and ignoring 'Assets/JsonDotNet/Assemblies/Standalone/Newtonsoft.Json.dll, AssemblyName=Newtonsoft.Json, Version=8.0.0.0, Culture=neutral, PublicKeyToken=null'.Symbol file LoadedFromMemory is not a mono symbol file
Symbol file LoadedFromMemory is not a mono symbol file
Symbol file LoadedFromMemory is not a mono symbol file
- Loaded All Assemblies, in  1.085 seconds
Refreshing native plugins compatible for Editor in 13.12 ms, found 2 plugins.
Native extension for WindowsStandalone target not found
Native extension for WebGL target not found
[Package Manager] Server::EnsureServerProcessIsRunning -- launch failed, reason: Unity was launched with the -noUpm command-line argument
[Package Manager] UpmClient::Send -- Unable to send message (not connected to UPM process).
[Package Manager] Cannot connect to Unity Package Manager local server
Mono: successfully reloaded assembly
- Finished resetting the current domain, in  1.883 seconds
Domain Reload Profiling: 2961ms
	BeginReloadAssembly (224ms)
		ExecutionOrderSort (0ms)
		DisableScriptedObjects (6ms)
		BackupInstance (0ms)
		ReleaseScriptingObjects (0ms)
		CreateAndSetChildDomain (79ms)
	RebuildCommonClasses (37ms)
	RebuildNativeTypeToScriptingClass (9ms)
	initialDomainReloadingComplete (40ms)
	LoadAllAssembliesAndSetupDomain (768ms)
		LoadAssemblies (847ms)
		RebuildTransferFunctionScriptingTraits (0ms)
		AnalyzeDomain (21ms)
			TypeCache.Refresh (10ms)
				TypeCache.ScanAssembly (3ms)
			ScanForSourceGeneratedMonoScriptInfo (6ms)
			ResolveRequiredComponents (3ms)
	FinalizeReload (1883ms)
		ReleaseScriptCaches (0ms)
		RebuildScriptCaches (0ms)
		SetupLoadedEditorAssemblies (1431ms)
			LogAssemblyErrors (0ms)
			InitializePlatformSupportModulesInManaged (9ms)
			SetLoadedEditorAssemblies (5ms)
			RefreshPlugins (0ms)
			BeforeProcessingInitializeOnLoad (114ms)
			ProcessInitializeOnLoadAttributes (1186ms)
			ProcessInitializeOnLoadMethodAttributes (105ms)
			AfterProcessingInitializeOnLoad (12ms)
			EditorAssembliesLoaded (0ms)
		ExecutionOrderSort2 (0ms)
		AwakeInstancesAfterBackupRestoration (7ms)
Refreshing native plugins compatible for Editor in 17.74 ms, found 2 plugins.
Preloading 0 native plugins for Editor in 0.00 ms.
Unloading 2673 Unused Serialized files (Serialized files now loaded: 0)
Unloading 57 unused Assets / (47.3 KB). Loaded Objects now: 3256.
Memory consumption went from 117.2 MB to 117.1 MB.
Total: 13.107100 ms (FindLiveObjects: 0.277900 ms CreateObjectMapping: 0.158100 ms MarkObjects: 12.523300 ms  DeleteObjects: 0.146300 ms)

Prepare: number of updated asset objects reloaded= 0
AssetImportParameters requested are different than current active one (requested -> active):
  custom:video-decoder-webm-vp8: 9c59270c3fd7afecdb556c50c9e8de78 -> 
  custom:SearchIndexIgnoredProperties: e643bd26f0fe6173181afceb89e7c659 -> 
  custom:container-demuxer-ogg: 62fdf1f143b41e24485cea50d1cbac27 -> 
  custom:AudioImporter_EditorPlatform: d09bf68614088b80899f8185d706f6e7 -> 
  custom:video-decoder-ogg-theora: a1e56fd34408186e4bbccfd4996cb3dc -> 
  custom:framework-win-MediaFoundation: 216162199b28c13a410421893ffa2e32 -> 
  custom:video-encoder-webm-vp8: eb34c28f22e8b96e1ab97ce403110664 -> 
  custom:audio-decoder-ogg-vorbis: bf7c407c2cedff20999df2af8eb42d56 -> 
  custom:CustomObjectIndexerAttribute: 756ad292c208cfabdd7b50bc23989ffe -> 
  custom:container-demuxer-webm: 4f35f7cbe854078d1ac9338744f61a02 -> 
  custom:audio-encoder-webm-vorbis: bf7c407c2cedff20999df2af8eb42d56 -> 
  custom:container-muxer-webm: aa71ff27fc2769a1b78a27578f13a17b -> 
========================================================================
Received Import Request.
  Time since last request: 823.753913 seconds.
  path: Assets/UI/Prefabs/Dialog.prefab
  artifactKey: Guid(eda90b3bdeb00ca40a07c428284a841c) Importer(815301076,1909f56bfc062723c751e8b465ee728b)
Start importing Assets/UI/Prefabs/Dialog.prefab using Guid(eda90b3bdeb00ca40a07c428284a841c) Importer(815301076,1909f56bfc062723c751e8b465ee728b)  -> (artifact id: 'c431a2d4aa79506eba1af558c5b79328') in 0.045252 seconds
Number of updated asset objects reloaded before import = 0
Number of asset objects unloaded after import = 14
========================================================================
Received Import Request.
  Time since last request: 8.437864 seconds.
  path: Assets/UI/Prefabs/UISkill
  artifactKey: Guid(8602876510e252e44864d78c3a3079b7) Importer(815301076,1909f56bfc062723c751e8b465ee728b)
Start importing Assets/UI/Prefabs/UISkill using Guid(8602876510e252e44864d78c3a3079b7) Importer(815301076,1909f56bfc062723c751e8b465ee728b)  -> (artifact id: '35071067d27f58b7c3b4f3dd37600696') in 0.000650 seconds
Number of updated asset objects reloaded before import = 0
Number of asset objects unloaded after import = 0
========================================================================
Received Import Request.
  Time since last request: 45.343070 seconds.
  path: Assets/UI/Prefabs/UISkill/UISkillItem.prefab
  artifactKey: Guid(718b7abf18c71f645a8e3e3392c6a31d) Importer(815301076,1909f56bfc062723c751e8b465ee728b)
Start importing Assets/UI/Prefabs/UISkill/UISkillItem.prefab using Guid(718b7abf18c71f645a8e3e3392c6a31d) Importer(815301076,1909f56bfc062723c751e8b465ee728b)  -> (artifact id: 'a0cb328e68d25302a4d4b32ecf9c2a8b') in 0.007764 seconds
Number of updated asset objects reloaded before import = 0
Number of asset objects unloaded after import = 30
========================================================================
Received Import Request.
  Time since last request: 64.369297 seconds.
  path: Assets/Resources/UI/UIRide/UIRide.prefab
  artifactKey: Guid(417132ef49879cb4988ffed546c0a42b) Importer(815301076,1909f56bfc062723c751e8b465ee728b)
Start importing Assets/Resources/UI/UIRide/UIRide.prefab using Guid(417132ef49879cb4988ffed546c0a42b) Importer(815301076,1909f56bfc062723c751e8b465ee728b)  -> (artifact id: 'c62a1b873af4cd0b378d020c61d3530d') in 0.021346 seconds
Number of updated asset objects reloaded before import = 0
Number of asset objects unloaded after import = 140
========================================================================
Received Import Request.
  Time since last request: 0.000016 seconds.
  path: Assets/UI/Prefabs/UIShopItem.prefab
  artifactKey: Guid(473860fde2046374f9b191feb4c57d7c) Importer(815301076,1909f56bfc062723c751e8b465ee728b)
Start importing Assets/UI/Prefabs/UIShopItem.prefab using Guid(473860fde2046374f9b191feb4c57d7c) Importer(815301076,1909f56bfc062723c751e8b465ee728b)  -> (artifact id: 'e3ae1f8a8834a3368aefc7dd6c1854e1') in 0.006094 seconds
Number of updated asset objects reloaded before import = 0
Number of asset objects unloaded after import = 43
========================================================================
Received Import Request.
  Time since last request: 0.000015 seconds.
  path: Assets/Models/Characters/Warrior/fbx/Warrior_AtkA.FBX
  artifactKey: Guid(90d8b01553960ce4d979ffe7bd91c5fa) Importer(815301076,1909f56bfc062723c751e8b465ee728b)
Start importing Assets/Models/Characters/Warrior/fbx/Warrior_AtkA.FBX using Guid(90d8b01553960ce4d979ffe7bd91c5fa) Importer(815301076,1909f56bfc062723c751e8b465ee728b)  -> (artifact id: '62866e42069cf5dedf2a7cfc132d422d') in 0.144374 seconds
Number of updated asset objects reloaded before import = 0
Number of asset objects unloaded after import = 97
========================================================================
Received Import Request.
  Time since last request: 0.000019 seconds.
  path: Assets/Resources/UI/UIShop.prefab
  artifactKey: Guid(f5b1aff0034fe284e91274ab70876a13) Importer(815301076,1909f56bfc062723c751e8b465ee728b)
Start importing Assets/Resources/UI/UIShop.prefab using Guid(f5b1aff0034fe284e91274ab70876a13) Importer(815301076,1909f56bfc062723c751e8b465ee728b)  -> (artifact id: '1a95d544fa3b2221e9031583085745a8') in 0.019705 seconds
Number of updated asset objects reloaded before import = 0
Number of asset objects unloaded after import = 238
========================================================================
Received Import Request.
  Time since last request: 0.000023 seconds.
  path: Assets/Resources/UI/UISystemConfig/UISystemConfig.prefab
  artifactKey: Guid(a33cbb4f54aec7d45a73aa32535acbdc) Importer(815301076,1909f56bfc062723c751e8b465ee728b)
Start importing Assets/Resources/UI/UISystemConfig/UISystemConfig.prefab using Guid(a33cbb4f54aec7d45a73aa32535acbdc) Importer(815301076,1909f56bfc062723c751e8b465ee728b)  -> (artifact id: 'e914379047cc735b0369e2c531b5955a') in 0.014882 seconds
Number of updated asset objects reloaded before import = 0
Number of asset objects unloaded after import = 116
========================================================================
Received Import Request.
  Time since last request: 0.000014 seconds.
  path: Assets/Models/Characters/Warrior/Warrior.FBX
  artifactKey: Guid(def21edb286cffc45a98c9cf4578f185) Importer(815301076,1909f56bfc062723c751e8b465ee728b)
Start importing Assets/Models/Characters/Warrior/Warrior.FBX using Guid(def21edb286cffc45a98c9cf4578f185) Importer(815301076,1909f56bfc062723c751e8b465ee728b)  -> (artifact id: 'ed7981465405bbee6f1a6d16147750ea') in 0.075751 seconds
Number of updated asset objects reloaded before import = 0
Number of asset objects unloaded after import = 102
========================================================================
Received Import Request.
  Time since last request: 0.000016 seconds.
  path: Assets/Resources/UI/UISetting.prefab
  artifactKey: Guid(734a9ce504e90974bb72285531a4b73d) Importer(815301076,1909f56bfc062723c751e8b465ee728b)
Start importing Assets/Resources/UI/UISetting.prefab using Guid(734a9ce504e90974bb72285531a4b73d) Importer(815301076,1909f56bfc062723c751e8b465ee728b)  -> (artifact id: 'd5adb9a1066a7769f74f55c5204ab32b') in 0.007922 seconds
Number of updated asset objects reloaded before import = 0
Number of asset objects unloaded after import = 69
========================================================================
Received Import Request.
  Time since last request: 0.000014 seconds.
  path: Assets/UI/Prefabs/UIWorldElementManager.prefab
  artifactKey: Guid(50d6a7ba7e384ae41a1dfd672de10640) Importer(815301076,1909f56bfc062723c751e8b465ee728b)
Start importing Assets/UI/Prefabs/UIWorldElementManager.prefab using Guid(50d6a7ba7e384ae41a1dfd672de10640) Importer(815301076,1909f56bfc062723c751e8b465ee728b)  -> (artifact id: '50b8e8ad0c1feef69ab626fb808abbe0') in 0.033746 seconds
Number of updated asset objects reloaded before import = 0
Number of asset objects unloaded after import = 26
Editor requested this worker to shutdown with reason: Scaling down because of idle timeout
TcpMessagingSession - receive error: operation aborted. errorcode: 995, details:  I/O 
AssetImportWorker is now disconnected from the server
Process exiting
Exiting without the bug reporter. Application will terminate with return code 0