2023-10-20 18:31:06,848 [ 1] INFO  Unity: LoadingManager start
2023-10-20 18:31:09,978 [ 1] INFO  Unity: DataManager > DataManager()
2023-10-20 18:31:23,084 [ 1] INFO  Unity: UserLoginRequest::user :111 psw:111
2023-10-20 18:31:23,085 [ 1] INFO  Unity: ConnectToServer() Start 
2023-10-20 18:31:23,086 [ 1] INFO  Unity: DoConnect
2023-10-20 18:31:23,088 [ 1] INFO  Unity: NetClient.DoConnect on 127.0.0.1:8000
2023-10-20 18:31:23,089 [ 1] INFO  Unity: Connect[0] to server 127.0.0.1:8000

2023-10-20 18:31:23,091 [ 1] INFO  Unity: LoadingMesager::OnGameServerConnect :0 reason:Success
2023-10-20 18:31:23,509 [ 1] INFO  Unity: OnLogin:Failed [用户不存在]
2023-10-20 18:31:28,722 [ 1] INFO  Unity: UserRegisterRequest::user :111 psw:111
2023-10-20 18:31:28,758 [ 1] INFO  Unity: OnUserRegister:Success [None]
2023-10-20 18:31:30,544 [ 1] INFO  Unity: UserLoginRequest::user :111 psw:111
2023-10-20 18:31:30,575 [ 1] INFO  Unity: OnLogin:Success [None]
2023-10-20 18:31:30,576 [ 1] INFO  Unity: LoadLevel: CharSelect
2023-10-20 18:31:30,648 [ 1] INFO  Unity: LevelLoadCompleted:1
2023-10-20 18:31:35,698 [ 1] INFO  Unity: UserCreateCharacterRequest::name :二 class:Archer
2023-10-20 18:31:35,732 [ 1] INFO  Unity: OnUserCreateCharacter:Success [None]
2023-10-20 18:31:37,090 [ 1] INFO  Unity: Select Char:[0]二[Archer]
2023-10-20 18:31:37,644 [ 1] INFO  Unity: UserGameEnterRequest::characterId :0 
2023-10-20 18:31:37,656 [ 1] INFO  Unity: OnUserGameEnter:Success [None]
2023-10-20 18:31:37,663 [ 1] INFO  Unity: OnMapCharacterEnter:Map:1 Count:1
2023-10-20 18:31:37,665 [ 1] INFO  Unity: AddCharacter:1:二 Map:1 Entity:(1:pos:(5000,4000,820),dir:(100,0,0),spd:0
2023-10-20 18:31:37,668 [ 1] INFO  Unity: LoadLevel: MainCity
2023-10-20 18:31:38,209 [ 1] WARN  Unity: No mesh data available for mesh Sphere001 on particle system fx_portal. Make sure Read/Write Enabled is set in the importer to work on the particle system renderer

2023-10-20 18:31:38,311 [ 1] INFO  Unity: LevelLoadCompleted:1
2023-10-20 18:31:39,122 [ 1] INFO  Unity: SetDirection:(98, -18, 0)
2023-10-20 18:31:39,123 [ 1] INFO  Unity: MapEntityUpdateRequest:ID:1 POS:(5000,4000,820) DIR:(98,-18,0) SPD:0
2023-10-20 18:31:39,221 [ 1] INFO  Unity: SetDirection:(94, -35, 0)
2023-10-20 18:31:39,222 [ 1] INFO  Unity: MapEntityUpdateRequest:ID:1 POS:(5000,4000,820) DIR:(94,-35,0) SPD:0
2023-10-20 18:31:39,287 [ 1] INFO  Unity: MoveForward
2023-10-20 18:31:39,288 [ 1] INFO  Unity: MapEntityUpdateRequest:ID:1 POS:(5000,4000,820) DIR:(94,-35,0) SPD:300
2023-10-20 18:31:39,302 [ 1] INFO  Unity: SetDirection:(86, -51, 0)
2023-10-20 18:31:39,302 [ 1] INFO  Unity: MapEntityUpdateRequest:ID:1 POS:(5005,3998,820) DIR:(86,-51,0) SPD:300
2023-10-20 18:31:39,403 [ 1] INFO  Unity: SetDirection:(74, -68, 0)
2023-10-20 18:31:39,404 [ 1] INFO  Unity: MapEntityUpdateRequest:ID:1 POS:(5029,3980,820) DIR:(74,-68,0) SPD:300
2023-10-20 18:31:39,506 [ 1] INFO  Unity: SetDirection:(61, -80, 0)
2023-10-20 18:31:39,507 [ 1] INFO  Unity: MapEntityUpdateRequest:ID:1 POS:(5053,3962,820) DIR:(61,-80,0) SPD:300
2023-10-20 18:31:39,723 [ 1] INFO  Unity: SetDirection:(45, -89, 0)
2023-10-20 18:31:39,724 [ 1] INFO  Unity: MapEntityUpdateRequest:ID:1 POS:(5092,3910,820) DIR:(45,-89,0) SPD:300
2023-10-20 18:31:39,870 [ 1] INFO  Unity: SetDirection:(29, -96, 0)
2023-10-20 18:31:39,871 [ 1] INFO  Unity: MapEntityUpdateRequest:ID:1 POS:(5110,3874,820) DIR:(29,-96,0) SPD:300
2023-10-20 18:31:39,974 [ 1] INFO  Unity: SetDirection:(10, -100, 0)
2023-10-20 18:31:39,975 [ 1] INFO  Unity: MapEntityUpdateRequest:ID:1 POS:(5116,3844,820) DIR:(10,-100,0) SPD:300
2023-10-20 18:31:40,054 [ 1] INFO  Unity: SetDirection:(-8, -100, 0)
2023-10-20 18:31:40,055 [ 1] INFO  Unity: MapEntityUpdateRequest:ID:1 POS:(5121,3819,820) DIR:(-8,-100,0) SPD:300
2023-10-20 18:31:40,155 [ 1] INFO  Unity: SetDirection:(-28, -96, 0)
2023-10-20 18:31:40,157 [ 1] INFO  Unity: MapEntityUpdateRequest:ID:1 POS:(5121,3789,820) DIR:(-28,-96,0) SPD:300
2023-10-20 18:31:40,237 [ 1] INFO  Unity: SetDirection:(-44, -90, 0)
2023-10-20 18:31:40,237 [ 1] INFO  Unity: MapEntityUpdateRequest:ID:1 POS:(5116,3764,820) DIR:(-44,-90,0) SPD:300
2023-10-20 18:31:40,322 [ 1] INFO  Unity: SetDirection:(-59, -81, 0)
2023-10-20 18:31:40,322 [ 1] INFO  Unity: MapEntityUpdateRequest:ID:1 POS:(5106,3739,820) DIR:(-59,-81,0) SPD:300
2023-10-20 18:31:40,408 [ 1] INFO  Unity: SetDirection:(-72, -69, 0)
2023-10-20 18:31:40,409 [ 1] INFO  Unity: MapEntityUpdateRequest:ID:1 POS:(5091,3719,820) DIR:(-72,-69,0) SPD:300
2023-10-20 18:31:40,487 [ 1] INFO  Unity: SetDirection:(-83, -55, 0)
2023-10-20 18:31:40,488 [ 1] INFO  Unity: MapEntityUpdateRequest:ID:1 POS:(5071,3704,820) DIR:(-83,-55,0) SPD:300
2023-10-20 18:31:41,493 [ 1] INFO  Unity: Stop
2023-10-20 18:31:41,494 [ 1] INFO  Unity: MapEntityUpdateRequest:ID:1 POS:(4831,3524,820) DIR:(-83,-55,0) SPD:0
2023-10-20 18:31:42,842 [ 1] INFO  Unity: SetDirection:(-71, -70, 0)
2023-10-20 18:31:42,843 [ 1] INFO  Unity: MapEntityUpdateRequest:ID:1 POS:(4831,3524,820) DIR:(-71,-70,0) SPD:0
2023-10-20 18:31:42,944 [ 1] INFO  Unity: SetDirection:(-58, -82, 0)
2023-10-20 18:31:42,945 [ 1] INFO  Unity: MapEntityUpdateRequest:ID:1 POS:(4831,3524,820) DIR:(-58,-82,0) SPD:0
2023-10-20 18:31:43,046 [ 1] INFO  Unity: SetDirection:(-40, -92, 0)
2023-10-20 18:31:43,047 [ 1] INFO  Unity: MapEntityUpdateRequest:ID:1 POS:(4831,3524,820) DIR:(-40,-92,0) SPD:0
2023-10-20 18:31:43,130 [ 1] INFO  Unity: SetDirection:(-23, -97, 0)
2023-10-20 18:31:43,131 [ 1] INFO  Unity: MapEntityUpdateRequest:ID:1 POS:(4831,3524,820) DIR:(-23,-97,0) SPD:0
2023-10-20 18:31:43,213 [ 1] INFO  Unity: SetDirection:(-6, -100, 0)
2023-10-20 18:31:43,214 [ 1] INFO  Unity: MapEntityUpdateRequest:ID:1 POS:(4831,3524,820) DIR:(-6,-100,0) SPD:0
2023-10-20 18:31:43,298 [ 1] INFO  Unity: SetDirection:(12, -99, 0)
2023-10-20 18:31:43,298 [ 1] INFO  Unity: MapEntityUpdateRequest:ID:1 POS:(4831,3524,820) DIR:(12,-99,0) SPD:0
2023-10-20 18:31:43,396 [ 1] INFO  Unity: SetDirection:(32, -95, 0)
2023-10-20 18:31:43,397 [ 1] INFO  Unity: MapEntityUpdateRequest:ID:1 POS:(4831,3524,820) DIR:(32,-95,0) SPD:0
2023-10-20 18:31:43,485 [ 1] INFO  Unity: SetDirection:(48, -88, 0)
2023-10-20 18:31:43,486 [ 1] INFO  Unity: MapEntityUpdateRequest:ID:1 POS:(4831,3524,820) DIR:(48,-88,0) SPD:0
2023-10-20 18:31:43,560 [ 1] INFO  Unity: MoveForward
2023-10-20 18:31:43,561 [ 1] INFO  Unity: MapEntityUpdateRequest:ID:1 POS:(4831,3524,820) DIR:(48,-88,0) SPD:300
2023-10-20 18:31:43,582 [ 1] INFO  Unity: SetDirection:(64, -77, 0)
2023-10-20 18:31:43,583 [ 1] INFO  Unity: MapEntityUpdateRequest:ID:1 POS:(4833,3520,820) DIR:(64,-77,0) SPD:300
2023-10-20 18:31:43,712 [ 1] INFO  Unity: SetDirection:(77, -64, 0)
2023-10-20 18:31:43,713 [ 1] INFO  Unity: MapEntityUpdateRequest:ID:1 POS:(4857,3488,820) DIR:(77,-64,0) SPD:300
2023-10-20 18:31:43,978 [ 1] INFO  Unity: SetDirection:(87, -49, 0)
2023-10-20 18:31:43,980 [ 1] INFO  Unity: MapEntityUpdateRequest:ID:1 POS:(4921,3440,820) DIR:(87,-49,0) SPD:300
2023-10-20 18:31:44,099 [ 1] INFO  Unity: SetDirection:(95, -32, 0)
2023-10-20 18:31:44,099 [ 1] INFO  Unity: MapEntityUpdateRequest:ID:1 POS:(4949,3426,820) DIR:(95,-32,0) SPD:300
2023-10-20 18:31:44,196 [ 1] INFO  Unity: SetDirection:(99, -12, 0)
2023-10-20 18:31:44,197 [ 1] INFO  Unity: MapEntityUpdateRequest:ID:1 POS:(4979,3414,820) DIR:(99,-12,0) SPD:300
2023-10-20 18:31:44,280 [ 1] INFO  Unity: SetDirection:(100, 6, 0)
2023-10-20 18:31:44,281 [ 1] INFO  Unity: MapEntityUpdateRequest:ID:1 POS:(5004,3409,820) DIR:(100,6,0) SPD:300
2023-10-20 18:31:44,334 [ 1] INFO  Unity: Stop
2023-10-20 18:31:44,334 [ 1] INFO  Unity: MapEntityUpdateRequest:ID:1 POS:(5019,3409,820) DIR:(100,6,0) SPD:0
2023-10-20 18:31:44,366 [ 1] INFO  Unity: MoveBack
2023-10-20 18:31:44,367 [ 1] INFO  Unity: MapEntityUpdateRequest:ID:1 POS:(5019,3409,820) DIR:(100,6,0) SPD:-300
2023-10-20 18:31:44,379 [ 1] INFO  Unity: SetDirection:(96, 26, 0)
2023-10-20 18:31:44,380 [ 1] INFO  Unity: MapEntityUpdateRequest:ID:1 POS:(5014,3409,820) DIR:(96,26,0) SPD:-300
2023-10-20 18:31:44,464 [ 1] INFO  Unity: SetDirection:(90, 43, 0)
2023-10-20 18:31:44,465 [ 1] INFO  Unity: MapEntityUpdateRequest:ID:1 POS:(4989,3404,820) DIR:(90,43,0) SPD:-300
2023-10-20 18:31:44,565 [ 1] INFO  Unity: SetDirection:(81, 59, 0)
2023-10-20 18:31:44,566 [ 1] INFO  Unity: MapEntityUpdateRequest:ID:1 POS:(4959,3392,820) DIR:(81,59,0) SPD:-300
2023-10-20 18:31:44,715 [ 1] INFO  Unity: SetDirection:(69, 72, 0)
2023-10-20 18:31:44,716 [ 1] INFO  Unity: MapEntityUpdateRequest:ID:1 POS:(4923,3365,820) DIR:(69,72,0) SPD:-300
2023-10-20 18:31:44,729 [ 1] INFO  Unity: Stop
2023-10-20 18:31:44,729 [ 1] INFO  Unity: MapEntityUpdateRequest:ID:1 POS:(4920,3361,820) DIR:(69,72,0) SPD:0
2023-10-20 18:31:44,942 [ 1] INFO  Unity: Character_1_二 OnDestory:ID:1 POS:(4920, 3361, 820) DIR:(69, 72, 0) SPD:0
2023-10-20 18:31:44,942 [ 1] INFO  Unity: OnDestroy NetworkManager.
2023-10-20 18:31:44,943 [ 1] WARN  Unity: CloseConnection(), errorCode: 1007
UnityEngine.Debug:LogWarning(Object)
Network.NetClient:CloseConnection(Int32) (at Assets/Scripts/Network/NetClient.cs:180)
Network.NetClient:OnDestroy() (at Assets/Scripts/Network/NetClient.cs:175)

